#
# There is insufficient memory for the Java Runtime Environment to continue.
# Native memory allocation (malloc) failed to allocate 450144 bytes for Chunk::new
# Possible reasons:
#   The system is out of physical RAM or swap space
#   In 32 bit mode, the process size limit was hit
# Possible solutions:
#   Reduce memory load on the system
#   Increase physical memory or swap space
#   Check if swap backing store is full
#   Use 64 bit Java on a 64 bit OS
#   Decrease Java heap size (-Xmx/-Xms)
#   Decrease number of Java threads
#   Decrease Java thread stack sizes (-Xss)
#   Set larger code cache with -XX:ReservedCodeCacheSize=
# This output file may be truncated or incomplete.
#
#  Out of Memory Error (allocation.cpp:390), pid=7344, tid=0x00000000000013b8
#
# JRE version: Java(TM) SE Runtime Environment (8.0_92-b14) (build 1.8.0_92-b14)
# Java VM: Java HotSpot(TM) 64-Bit Server VM (25.92-b14 mixed mode windows-amd64 compressed oops)
# Failed to write core dump. Minidumps are not enabled by default on client versions of Windows
#

---------------  T H R E A D  ---------------

Current thread (0x0000000014d39800):  JavaThread "C2 CompilerThread0" daemon [_thread_in_native, id=5048, stack(0x0000000016360000,0x0000000016460000)]

Stack: [0x0000000016360000,0x0000000016460000]
[error occurred during error reporting (printing stack bounds), id 0xc0000005]

Native frames: (J=compiled Java code, j=interpreted, Vv=VM code, C=native code)


Current CompileTask:
C2:  14204 2064       4       com.android.dx.ssa.back.FirstFitLocalCombiningAllocator::tryMapReg (41 bytes)


---------------  P R O C E S S  ---------------

Java Threads: ( => current thread )
  0x00000000168bc800 JavaThread "pool-2-thread-4" [_thread_blocked, id=14224, stack(0x0000000017060000,0x0000000017160000)]
  0x000000001691a000 JavaThread "pool-2-thread-3" [_thread_in_Java, id=13236, stack(0x0000000016f60000,0x0000000017060000)]
  0x0000000016864800 JavaThread "pool-2-thread-2" [_thread_blocked, id=11260, stack(0x0000000016e60000,0x0000000016f60000)]
  0x00000000167f3000 JavaThread "pool-3-thread-1" [_thread_blocked, id=12376, stack(0x0000000016d60000,0x0000000016e60000)]
  0x0000000016796800 JavaThread "pool-2-thread-1" [_thread_blocked, id=9272, stack(0x0000000016c60000,0x0000000016d60000)]
  0x000000001666a000 JavaThread "Service Thread" daemon [_thread_blocked, id=4260, stack(0x0000000016a60000,0x0000000016b60000)]
  0x0000000014d33800 JavaThread "C1 CompilerThread2" daemon [_thread_blocked, id=7640, stack(0x0000000016560000,0x0000000016660000)]
  0x0000000014d3c800 JavaThread "C2 CompilerThread1" daemon [_thread_in_native, id=8288, stack(0x0000000016460000,0x0000000016560000)]
=>0x0000000014d39800 JavaThread "C2 CompilerThread0" daemon [_thread_in_native, id=5048, stack(0x0000000016360000,0x0000000016460000)]
  0x0000000014d37800 JavaThread "Attach Listener" daemon [_thread_blocked, id=8852, stack(0x0000000016260000,0x0000000016360000)]
  0x0000000014d36800 JavaThread "Signal Dispatcher" daemon [_thread_blocked, id=5168, stack(0x0000000016160000,0x0000000016260000)]
  0x0000000014d1a000 JavaThread "Finalizer" daemon [_thread_blocked, id=8364, stack(0x0000000015f80000,0x0000000016080000)]
  0x0000000002571000 JavaThread "Reference Handler" daemon [_thread_blocked, id=13712, stack(0x0000000015e80000,0x0000000015f80000)]
  0x0000000002480800 JavaThread "main" [_thread_in_Java, id=3340, stack(0x0000000002300000,0x0000000002400000)]

Other Threads:
  0x0000000014cf6800 VMThread [stack: 0x0000000015d80000,0x0000000015e80000] [id=9760]
  0x0000000016680000 WatcherThread [stack: 0x0000000016b60000,0x0000000016c60000] [id=7372]

VM state:not at safepoint (normal execution)

VM Mutex/Monitor currently owned by a thread: None

Heap:
 PSYoungGen      total 138240K, used 67820K [0x00000000eab00000, 0x00000000fbe80000, 0x0000000100000000)
  eden space 133120K, 47% used [0x00000000eab00000,0x00000000ee83ecf8,0x00000000f2d00000)
  from space 5120K, 99% used [0x00000000f2d00000,0x00000000f31fc700,0x00000000f3200000)
  to   space 46592K, 0% used [0x00000000f9100000,0x00000000f9100000,0x00000000fbe80000)
 ParOldGen       total 128000K, used 69505K [0x00000000c0000000, 0x00000000c7d00000, 0x00000000eab00000)
  object space 128000K, 54% used [0x00000000c0000000,0x00000000c43e0648,0x00000000c7d00000)
 Metaspace       used 6057K, capacity 7088K, committed 7296K, reserved 1056768K
  class space    used 586K, capacity 616K, committed 640K, reserved 1048576K

Card table byte_map: [0x0000000011a20000,0x0000000011c30000] byte_map_base: 0x0000000011420000

Marking Bits: (ParMarkBitMap*) 0x0000000071a564f0
 Begin Bits: [0x0000000012190000, 0x0000000013190000)
 End Bits:   [0x0000000013190000, 0x0000000014190000)

Polling page: 0x0000000000b40000

CodeCache: size=245760Kb used=8903Kb max_used=8907Kb free=236856Kb
 bounds [0x0000000002660000, 0x0000000002f40000, 0x0000000011660000]
 total_blobs=2065 nmethods=1803 adapters=175
 compilation: enabled

Compilation events (10 events):
Event: 14.066 Thread 0x0000000014d39800 nmethod 2062 0x0000000002f0bd50 code [0x0000000002f0c080, 0x0000000002f0cb58]
Event: 14.073 Thread 0x0000000014d3c800 nmethod 2061% 0x0000000002f35f10 code [0x0000000002f361e0, 0x0000000002f37f50]
Event: 14.084 Thread 0x0000000014d33800 2063       3       com.android.dx.ssa.back.InterferenceGraph::add (46 bytes)
Event: 14.085 Thread 0x0000000014d33800 nmethod 2063 0x0000000002e43050 code [0x0000000002e43280, 0x0000000002e43dc8]
Event: 14.094 Thread 0x0000000014d39800 2064       4       com.android.dx.ssa.back.FirstFitLocalCombiningAllocator::tryMapReg (41 bytes)
Event: 14.094 Thread 0x0000000014d3c800 2065       4       java.util.BitSet::nextClearBit (116 bytes)
Event: 14.095 Thread 0x0000000014d33800 2069       3       com.android.dx.ssa.InterferenceRegisterMapper::addInterfence (62 bytes)
Event: 14.096 Thread 0x0000000014d3c800 nmethod 2065 0x000000000286ded0 code [0x000000000286e020, 0x000000000286e138]
Event: 14.096 Thread 0x0000000014d3c800 2068       4       com.android.dx.ssa.back.FirstFitLocalCombiningAllocator::tryMapRegs (110 bytes)
Event: 14.096 Thread 0x0000000014d33800 nmethod 2069 0x00000000028352d0 code [0x00000000028355a0, 0x00000000028368e8]

GC Heap History (10 events):
Event: 2.939 GC heap before
{Heap before GC invocations=2 (full 0):
 PSYoungGen      total 38400K, used 38379K [0x00000000eab00000, 0x00000000ef600000, 0x0000000100000000)
  eden space 33280K, 100% used [0x00000000eab00000,0x00000000ecb80000,0x00000000ecb80000)
  from space 5120K, 99% used [0x00000000ecb80000,0x00000000ed07ada8,0x00000000ed080000)
  to   space 5120K, 0% used [0x00000000ef100000,0x00000000ef100000,0x00000000ef600000)
 ParOldGen       total 87552K, used 2571K [0x00000000c0000000, 0x00000000c5580000, 0x00000000eab00000)
  object space 87552K, 2% used [0x00000000c0000000,0x00000000c0282ff8,0x00000000c5580000)
 Metaspace       used 5887K, capacity 6960K, committed 7040K, reserved 1056768K
  class space    used 584K, capacity 616K, committed 640K, reserved 1048576K
Event: 2.959 GC heap after
Heap after GC invocations=2 (full 0):
 PSYoungGen      total 71680K, used 5105K [0x00000000eab00000, 0x00000000ef600000, 0x0000000100000000)
  eden space 66560K, 0% used [0x00000000eab00000,0x00000000eab00000,0x00000000eec00000)
  from space 5120K, 99% used [0x00000000ef100000,0x00000000ef5fc630,0x00000000ef600000)
  to   space 5120K, 0% used [0x00000000eec00000,0x00000000eec00000,0x00000000ef100000)
 ParOldGen       total 87552K, used 15053K [0x00000000c0000000, 0x00000000c5580000, 0x00000000eab00000)
  object space 87552K, 17% used [0x00000000c0000000,0x00000000c0eb37c8,0x00000000c5580000)
 Metaspace       used 5887K, capacity 6960K, committed 7040K, reserved 1056768K
  class space    used 584K, capacity 616K, committed 640K, reserved 1048576K
}
Event: 4.896 GC heap before
{Heap before GC invocations=3 (full 0):
 PSYoungGen      total 71680K, used 71665K [0x00000000eab00000, 0x00000000ef600000, 0x0000000100000000)
  eden space 66560K, 100% used [0x00000000eab00000,0x00000000eec00000,0x00000000eec00000)
  from space 5120K, 99% used [0x00000000ef100000,0x00000000ef5fc630,0x00000000ef600000)
  to   space 5120K, 0% used [0x00000000eec00000,0x00000000eec00000,0x00000000ef100000)
 ParOldGen       total 87552K, used 15053K [0x00000000c0000000, 0x00000000c5580000, 0x00000000eab00000)
  object space 87552K, 17% used [0x00000000c0000000,0x00000000c0eb37c8,0x00000000c5580000)
 Metaspace       used 5912K, capacity 6960K, committed 7040K, reserved 1056768K
  class space    used 585K, capacity 616K, committed 640K, reserved 1048576K
Event: 5.206 GC heap after
Heap after GC invocations=3 (full 0):
 PSYoungGen      total 71680K, used 5091K [0x00000000eab00000, 0x00000000f3700000, 0x0000000100000000)
  eden space 66560K, 0% used [0x00000000eab00000,0x00000000eab00000,0x00000000eec00000)
  from space 5120K, 99% used [0x00000000eec00000,0x00000000ef0f8c58,0x00000000ef100000)
  to   space 5120K, 0% used [0x00000000f3200000,0x00000000f3200000,0x00000000f3700000)
 ParOldGen       total 87552K, used 40627K [0x00000000c0000000, 0x00000000c5580000, 0x00000000eab00000)
  object space 87552K, 46% used [0x00000000c0000000,0x00000000c27aceb8,0x00000000c5580000)
 Metaspace       used 5912K, capacity 6960K, committed 7040K, reserved 1056768K
  class space    used 585K, capacity 616K, committed 640K, reserved 1048576K
}
Event: 6.296 GC heap before
{Heap before GC invocations=4 (full 0):
 PSYoungGen      total 71680K, used 71651K [0x00000000eab00000, 0x00000000f3700000, 0x0000000100000000)
  eden space 66560K, 100% used [0x00000000eab00000,0x00000000eec00000,0x00000000eec00000)
  from space 5120K, 99% used [0x00000000eec00000,0x00000000ef0f8c58,0x00000000ef100000)
  to   space 5120K, 0% used [0x00000000f3200000,0x00000000f3200000,0x00000000f3700000)
 ParOldGen       total 87552K, used 40627K [0x00000000c0000000, 0x00000000c5580000, 0x00000000eab00000)
  object space 87552K, 46% used [0x00000000c0000000,0x00000000c27aceb8,0x00000000c5580000)
 Metaspace       used 5928K, capacity 7024K, committed 7296K, reserved 1056768K
  class space    used 585K, capacity 616K, committed 640K, reserved 1048576K
Event: 7.076 GC heap after
Heap after GC invocations=4 (full 0):
 PSYoungGen      total 138240K, used 5093K [0x00000000eab00000, 0x00000000f3700000, 0x0000000100000000)
  eden space 133120K, 0% used [0x00000000eab00000,0x00000000eab00000,0x00000000f2d00000)
  from space 5120K, 99% used [0x00000000f3200000,0x00000000f36f95d0,0x00000000f3700000)
  to   space 5120K, 0% used [0x00000000f2d00000,0x00000000f2d00000,0x00000000f3200000)
 ParOldGen       total 87552K, used 66940K [0x00000000c0000000, 0x00000000c5580000, 0x00000000eab00000)
  object space 87552K, 76% used [0x00000000c0000000,0x00000000c415f0e0,0x00000000c5580000)
 Metaspace       used 5928K, capacity 7024K, committed 7296K, reserved 1056768K
  class space    used 585K, capacity 616K, committed 640K, reserved 1048576K
}
Event: 7.076 GC heap before
{Heap before GC invocations=5 (full 1):
 PSYoungGen      total 138240K, used 5093K [0x00000000eab00000, 0x00000000f3700000, 0x0000000100000000)
  eden space 133120K, 0% used [0x00000000eab00000,0x00000000eab00000,0x00000000f2d00000)
  from space 5120K, 99% used [0x00000000f3200000,0x00000000f36f95d0,0x00000000f3700000)
  to   space 5120K, 0% used [0x00000000f2d00000,0x00000000f2d00000,0x00000000f3200000)
 ParOldGen       total 87552K, used 66940K [0x00000000c0000000, 0x00000000c5580000, 0x00000000eab00000)
  object space 87552K, 76% used [0x00000000c0000000,0x00000000c415f0e0,0x00000000c5580000)
 Metaspace       used 5928K, capacity 7024K, committed 7296K, reserved 1056768K
  class space    used 585K, capacity 616K, committed 640K, reserved 1048576K
Event: 8.862 GC heap after
Heap after GC invocations=5 (full 1):
 PSYoungGen      total 138240K, used 0K [0x00000000eab00000, 0x00000000f3700000, 0x0000000100000000)
  eden space 133120K, 0% used [0x00000000eab00000,0x00000000eab00000,0x00000000f2d00000)
  from space 5120K, 0% used [0x00000000f3200000,0x00000000f3200000,0x00000000f3700000)
  to   space 5120K, 0% used [0x00000000f2d00000,0x00000000f2d00000,0x00000000f3200000)
 ParOldGen       total 128000K, used 40087K [0x00000000c0000000, 0x00000000c7d00000, 0x00000000eab00000)
  object space 128000K, 31% used [0x00000000c0000000,0x00000000c2725fe0,0x00000000c7d00000)
 Metaspace       used 5928K, capacity 7024K, committed 7296K, reserved 1056768K
  class space    used 585K, capacity 616K, committed 640K, reserved 1048576K
}
Event: 12.563 GC heap before
{Heap before GC invocations=6 (full 1):
 PSYoungGen      total 138240K, used 133120K [0x00000000eab00000, 0x00000000f3700000, 0x0000000100000000)
  eden space 133120K, 100% used [0x00000000eab00000,0x00000000f2d00000,0x00000000f2d00000)
  from space 5120K, 0% used [0x00000000f3200000,0x00000000f3200000,0x00000000f3700000)
  to   space 5120K, 0% used [0x00000000f2d00000,0x00000000f2d00000,0x00000000f3200000)
 ParOldGen       total 128000K, used 40087K [0x00000000c0000000, 0x00000000c7d00000, 0x00000000eab00000)
  object space 128000K, 31% used [0x00000000c0000000,0x00000000c2725fe0,0x00000000c7d00000)
 Metaspace       used 6043K, capacity 7088K, committed 7296K, reserved 1056768K
  class space    used 586K, capacity 616K, committed 640K, reserved 1048576K
Event: 12.747 GC heap after
Heap after GC invocations=6 (full 1):
 PSYoungGen      total 138240K, used 5105K [0x00000000eab00000, 0x00000000fbe80000, 0x0000000100000000)
  eden space 133120K, 0% used [0x00000000eab00000,0x00000000eab00000,0x00000000f2d00000)
  from space 5120K, 99% used [0x00000000f2d00000,0x00000000f31fc700,0x00000000f3200000)
  to   space 46592K, 0% used [0x00000000f9100000,0x00000000f9100000,0x00000000fbe80000)
 ParOldGen       total 128000K, used 69505K [0x00000000c0000000, 0x00000000c7d00000, 0x00000000eab00000)
  object space 128000K, 54% used [0x00000000c0000000,0x00000000c43e0648,0x00000000c7d00000)
 Metaspace       used 6043K, capacity 7088K, committed 7296K, reserved 1056768K
  class space    used 586K, capacity 616K, committed 640K, reserved 1048576K
}

Deoptimization events (10 events):
Event: 10.672 Thread 0x0000000002480800 Uncommon trap: reason=unloaded action=reinterpret pc=0x0000000002823b64 method=com.android.dx.cf.cst.ConstantPoolParser.parse0(ILjava/util/BitSet;)Lcom/android/dx/rop/cst/Constant; @ 176
Event: 11.526 Thread 0x000000001691a000 Uncommon trap: reason=class_check action=maybe_recompile pc=0x0000000002c20a54 method=com.android.dx.cf.code.BytecodeArray.parseInstruction(ILcom/android/dx/cf/code/BytecodeArray$Visitor;)I @ 1939
Event: 11.526 Thread 0x000000001691a000 Uncommon trap: reason=class_check action=maybe_recompile pc=0x0000000002c21a44 method=com.android.dx.cf.code.BytecodeArray.parseInstruction(ILcom/android/dx/cf/code/BytecodeArray$Visitor;)I @ 1807
Event: 11.526 Thread 0x000000001691a000 Uncommon trap: reason=class_check action=maybe_recompile pc=0x0000000002c21a44 method=com.android.dx.cf.code.BytecodeArray.parseInstruction(ILcom/android/dx/cf/code/BytecodeArray$Visitor;)I @ 1807
Event: 11.526 Thread 0x000000001691a000 Uncommon trap: reason=class_check action=maybe_recompile pc=0x0000000002c215e0 method=com.android.dx.cf.code.BytecodeArray.parseInstruction(ILcom/android/dx/cf/code/BytecodeArray$Visitor;)I @ 1417
Event: 11.526 Thread 0x000000001691a000 Uncommon trap: reason=class_check action=maybe_recompile pc=0x0000000002c215e0 method=com.android.dx.cf.code.BytecodeArray.parseInstruction(ILcom/android/dx/cf/code/BytecodeArray$Visitor;)I @ 1417
Event: 11.537 Thread 0x000000001691a000 Uncommon trap: reason=unstable_if action=reinterpret pc=0x0000000002d5a088 method=com.android.dx.ssa.LiteralOpUpgrader$1.visitNonMoveInsn(Lcom/android/dx/ssa/NormalSsaInsn;)V @ 151
Event: 12.815 Thread 0x000000001691a000 Uncommon trap: reason=unstable_if action=reinterpret pc=0x0000000002d877e8 method=com.android.dx.dex.code.RopTranslator.pickOrder()V @ 130
Event: 12.865 Thread 0x0000000002480800 Uncommon trap: reason=unstable_if action=reinterpret pc=0x0000000002c5fca0 method=com.android.dx.ssa.SCCP.simulateBranch(Lcom/android/dx/ssa/SsaInsn;)V @ 64
Event: 12.868 Thread 0x0000000002480800 Uncommon trap: reason=unstable_if action=reinterpret pc=0x0000000002a47c9c method=com.android.dx.ssa.SsaMethod.updateOneDefinition(Lcom/android/dx/ssa/SsaInsn;Lcom/android/dx/rop/code/RegisterSpec;)V @ 4

Internal exceptions (4 events):
Event: 0.035 Thread 0x0000000002480800 Exception <a 'java/lang/NoSuchMethodError': Method sun.misc.Unsafe.defineClass(Ljava/lang/String;[BII)Ljava/lang/Class; name or signature does not match> (0x00000000eab07cc0) thrown at [D:\re\workspace\8-2-build-windows-amd64-cygwin\jdk8u92\6642\hotspot\srÿﬁôÇÁ°?
Event: 0.035 Thread 0x0000000002480800 Exception <a 'java/lang/NoSuchMethodError': Method sun.misc.Unsafe.prefetchRead(Ljava/lang/Object;J)V name or signature does not match> (0x00000000eab07fa8) thrown at [D:\re\workspace\8-2-build-windows-amd64-cygwin\jdk8u92\6642\hotspot\src\share\vm\prims\jﬂÏ∆ÚfÏ?
Event: 0.888 Thread 0x0000000002480800 Implicit null exception at 0x00000000028eedf6 to 0x00000000028f0c6d
Event: 0.925 Thread 0x0000000016864800 Implicit null exception at 0x00000000028eedf6 to 0x00000000028f0c6d

Events (10 events):
Event: 13.858 Thread 0x0000000002480800 DEOPT PACKING pc=0x0000000002b5cd51 sp=0x00000000023fe020
Event: 13.858 Thread 0x0000000002480800 DEOPT UNPACKING pc=0x00000000026a787f sp=0x00000000023fddb0 mode 0
Event: 13.897 Thread 0x0000000002480800 DEOPT PACKING pc=0x0000000002a18681 sp=0x00000000023fdd50
Event: 13.897 Thread 0x0000000002480800 DEOPT UNPACKING pc=0x00000000026a787f sp=0x00000000023fda98 mode 0
Event: 13.991 Thread 0x000000001691a000 DEOPT PACKING pc=0x0000000002b0ee19 sp=0x000000001705e7c0
Event: 13.991 Thread 0x000000001691a000 DEOPT UNPACKING pc=0x00000000026a787f sp=0x000000001705e550 mode 0
Event: 14.126 Thread 0x0000000002480800 DEOPT PACKING pc=0x0000000002ad846c sp=0x00000000023fe030
Event: 14.126 Thread 0x0000000002480800 DEOPT UNPACKING pc=0x00000000026a787f sp=0x00000000023fddb0 mode 0
Event: 14.133 Thread 0x0000000002480800 DEOPT PACKING pc=0x0000000002ad846c sp=0x00000000023fdf80
Event: 14.133 Thread 0x0000000002480800 DEOPT UNPACKING pc=0x00000000026a787f sp=0x00000000023fdd00 mode 0


Dynamic libraries:
0x00007ff798fa0000 - 0x00007ff798fd7000 	C:\Program Files\Java\jdk1.8.0_92\bin\java.exe
0x00007ffac2220000 - 0x00007ffac23e1000 	C:\WINDOWS\SYSTEM32\ntdll.dll
0x00007ffabfb80000 - 0x00007ffabfc2d000 	C:\WINDOWS\system32\KERNEL32.DLL
0x00007ffabec10000 - 0x00007ffabedf8000 	C:\WINDOWS\system32\KERNELBASE.dll
0x00007ffabfc30000 - 0x00007ffabfcd7000 	C:\WINDOWS\system32\ADVAPI32.dll
0x00007ffac1e90000 - 0x00007ffac1f2d000 	C:\WINDOWS\system32\msvcrt.dll
0x00007ffac0110000 - 0x00007ffac016b000 	C:\WINDOWS\system32\sechost.dll
0x00007ffac1bb0000 - 0x00007ffac1ccc000 	C:\WINDOWS\system32\RPCRT4.dll
0x00007ffac2000000 - 0x00007ffac2156000 	C:\WINDOWS\system32\USER32.dll
0x00007ffabf8b0000 - 0x00007ffabfa36000 	C:\WINDOWS\system32\GDI32.dll
0x00007ffab69b0000 - 0x00007ffab6c24000 	C:\WINDOWS\WinSxS\amd64_microsoft.windows.common-controls_6595b64144ccf1df_6.0.10586.494_none_a2d8b04ea53e3145\COMCTL32.dll
0x00007ffabf630000 - 0x00007ffabf8ad000 	C:\WINDOWS\system32\combase.dll
0x00007ffabee90000 - 0x00007ffabeefa000 	C:\WINDOWS\system32\bcryptPrimitives.dll
0x00007ffac0170000 - 0x00007ffac01ab000 	C:\WINDOWS\system32\IMM32.DLL
0x0000000071130000 - 0x0000000071202000 	C:\Program Files\Java\jdk1.8.0_92\jre\bin\msvcr100.dll
0x0000000071240000 - 0x0000000071ad6000 	C:\Program Files\Java\jdk1.8.0_92\jre\bin\server\jvm.dll
0x00007ffabf620000 - 0x00007ffabf628000 	C:\WINDOWS\system32\PSAPI.DLL
0x00007ffaa8440000 - 0x00007ffaa8449000 	C:\WINDOWS\SYSTEM32\WSOCK32.dll
0x00007ffabcbf0000 - 0x00007ffabcc13000 	C:\WINDOWS\SYSTEM32\WINMM.dll
0x00007ffac01b0000 - 0x00007ffac021b000 	C:\WINDOWS\system32\WS2_32.dll
0x00007ffab3c10000 - 0x00007ffab3c1a000 	C:\WINDOWS\SYSTEM32\VERSION.dll
0x00007ffabcbc0000 - 0x00007ffabcbec000 	C:\WINDOWS\SYSTEM32\WINMMBASE.dll
0x00007ffabe930000 - 0x00007ffabe973000 	C:\WINDOWS\system32\cfgmgr32.dll
0x0000000073170000 - 0x000000007317f000 	C:\Program Files\Java\jdk1.8.0_92\jre\bin\verify.dll
0x0000000072d00000 - 0x0000000072d29000 	C:\Program Files\Java\jdk1.8.0_92\jre\bin\java.dll
0x0000000072ce0000 - 0x0000000072cf6000 	C:\Program Files\Java\jdk1.8.0_92\jre\bin\zip.dll
0x00007ffac0450000 - 0x00007ffac19ac000 	C:\WINDOWS\system32\SHELL32.dll
0x00007ffabefb0000 - 0x00007ffabf5f5000 	C:\WINDOWS\system32\windows.storage.dll
0x00007ffac21c0000 - 0x00007ffac2212000 	C:\WINDOWS\system32\shlwapi.dll
0x00007ffabe8a0000 - 0x00007ffabe8af000 	C:\WINDOWS\system32\kernel.appcore.dll
0x00007ffabeb50000 - 0x00007ffabec05000 	C:\WINDOWS\system32\shcore.dll
0x00007ffabe840000 - 0x00007ffabe88b000 	C:\WINDOWS\system32\powrprof.dll
0x00007ffabe8b0000 - 0x00007ffabe8c4000 	C:\WINDOWS\system32\profapi.dll

VM Arguments:
jvm_args: -Djava.awt.headless=true -Xmx1024M -Dfile.encoding=windows-1252 -Duser.country=US -Duser.language=en -Duser.variant 
java_command: com.android.dx.command.Main --dex --force-jumbo --num-threads=4 --multi-dex --output C:\Users\WMS_12\Desktop\version\whiteboard12 - 727 - problem with alljoyn\app\build\intermediates\transforms\dex\debug\folders\1000\5\slice_9 C:\Users\WMS_12\Desktop\version\whiteboard12 - 727 - problem with alljoyn\app\build\intermediates\transforms\instantRunSlicer\debug\folders\1\5\slice_9
java_class_path (initial): C:\Users\WMS_12\AppData\Local\Android\sdk\build-tools\24.0.1\lib\dx.jar
Launcher Type: SUN_STANDARD

Environment Variables:
CLASSPATH=.;%JAVA_HOME%\lib\dt.jar;%JAVA_HOME%\lib\tools.jar
PATH=C:\Program Files\Java\jdk1.8.0_92\bin;C:\Program Files (x86)\MySQL\MySQL Fabric 1.5 & MySQL Utilities 1.5\;C:\Program Files (x86)\MySQL\MySQL Fabric 1.5 & MySQL Utilities 1.5\Doctrine extensions for PHP\;C:\Program Files\Git\cmd
USERNAME=WMS_12
OS=Windows_NT
PROCESSOR_IDENTIFIER=Intel64 Family 6 Model 60 Stepping 3, GenuineIntel



---------------  S Y S T E M  ---------------

OS: Windows 10.0 , 64 bit Build 10586 (10.0.10586.0)

CPU:total 4 (2 cores per cpu, 2 threads per core) family 6 model 60 stepping 3, cmov, cx8, fxsr, mmx, sse, sse2, sse3, ssse3, sse4.1, sse4.2, popcnt, avx, avx2, aes, clmul, erms, lzcnt, ht, tsc, tscinvbit, bmi1, bmi2

Memory: 4k page, physical 8312532k(1467004k free), swap 12506836k(6032k free)

vm_info: Java HotSpot(TM) 64-Bit Server VM (25.92-b14) for windows-amd64 JRE (1.8.0_92-b14), built on Mar 31 2016 21:03:04 by "java_re" with MS VC++ 10.0 (VS2010)

time: Wed Aug 03 15:51:53 2016
elapsed time: 14 seconds (0d 0h 0m 14s)

