#
# There is insufficient memory for the Java Runtime Environment to continue.
# Native memory allocation (malloc) failed to allocate 1040016 bytes for Chunk::new
# Possible reasons:
#   The system is out of physical RAM or swap space
#   In 32 bit mode, the process size limit was hit
# Possible solutions:
#   Reduce memory load on the system
#   Increase physical memory or swap space
#   Check if swap backing store is full
#   Use 64 bit Java on a 64 bit OS
#   Decrease Java heap size (-Xmx/-Xms)
#   Decrease number of Java threads
#   Decrease Java thread stack sizes (-Xss)
#   Set larger code cache with -XX:ReservedCodeCacheSize=
# This output file may be truncated or incomplete.
#
#  Out of Memory Error (allocation.cpp:390), pid=11920, tid=0x00000000000031f8
#
# JRE version: Java(TM) SE Runtime Environment (8.0_92-b14) (build 1.8.0_92-b14)
# Java VM: Java HotSpot(TM) 64-Bit Server VM (25.92-b14 mixed mode windows-amd64 compressed oops)
# Failed to write core dump. Minidumps are not enabled by default on client versions of Windows
#

---------------  T H R E A D  ---------------

Current thread (0x00000000150bd800):  JavaThread "C2 CompilerThread0" daemon [_thread_in_native, id=12792, stack(0x0000000016b20000,0x0000000016c20000)]

Stack: [0x0000000016b20000,0x0000000016c20000]
[error occurred during error reporting (printing stack bounds), id 0xc0000005]

Native frames: (J=compiled Java code, j=interpreted, Vv=VM code, C=native code)


Current CompileTask:
C2:   3813 1703 %     4       com.android.dx.ssa.back.IdenticalBlockCombiner::process @ 79 (323 bytes)


---------------  P R O C E S S  ---------------

Java Threads: ( => current thread )
  0x0000000016e50800 JavaThread "Service Thread" daemon [_thread_blocked, id=6852, stack(0x0000000017220000,0x0000000017320000)]
  0x00000000150c6800 JavaThread "C1 CompilerThread2" daemon [_thread_blocked, id=3616, stack(0x0000000016d20000,0x0000000016e20000)]
  0x00000000150bf800 JavaThread "C2 CompilerThread1" daemon [_thread_in_native, id=7760, stack(0x0000000016c20000,0x0000000016d20000)]
=>0x00000000150bd800 JavaThread "C2 CompilerThread0" daemon [_thread_in_native, id=12792, stack(0x0000000016b20000,0x0000000016c20000)]
  0x00000000150ba000 JavaThread "Attach Listener" daemon [_thread_blocked, id=8952, stack(0x0000000016a20000,0x0000000016b20000)]
  0x00000000150b9000 JavaThread "Signal Dispatcher" daemon [_thread_blocked, id=8580, stack(0x0000000016920000,0x0000000016a20000)]
  0x00000000150aa800 JavaThread "Finalizer" daemon [_thread_blocked, id=10224, stack(0x0000000016740000,0x0000000016840000)]
  0x00000000029df000 JavaThread "Reference Handler" daemon [_thread_blocked, id=10168, stack(0x0000000016640000,0x0000000016740000)]
  0x00000000028f1000 JavaThread "main" [_thread_in_Java, id=12444, stack(0x00000000027f0000,0x00000000028f0000)]

Other Threads:
  0x0000000015088000 VMThread [stack: 0x0000000016540000,0x0000000016640000] [id=1528]
  0x0000000016e64800 WatcherThread [stack: 0x0000000017320000,0x0000000017420000] [id=12672]

VM state:not at safepoint (normal execution)

VM Mutex/Monitor currently owned by a thread: None

Heap:
 PSYoungGen      total 147968K, used 39731K [0x00000000eab00000, 0x00000000f4a00000, 0x0000000100000000)
  eden space 133120K, 20% used [0x00000000eab00000,0x00000000ec512578,0x00000000f2d00000)
  from space 14848K, 87% used [0x00000000f3b80000,0x00000000f483aa20,0x00000000f4a00000)
  to   space 14848K, 0% used [0x00000000f2d00000,0x00000000f2d00000,0x00000000f3b80000)
 ParOldGen       total 87552K, used 33876K [0x00000000c0000000, 0x00000000c5580000, 0x00000000eab00000)
  object space 87552K, 38% used [0x00000000c0000000,0x00000000c21153a0,0x00000000c5580000)
 Metaspace       used 5729K, capacity 5876K, committed 6016K, reserved 1062912K
  class space    used 551K, capacity 616K, committed 640K, reserved 1048576K

Card table byte_map: [0x0000000011db0000,0x0000000011fc0000] byte_map_base: 0x00000000117b0000

Marking Bits: (ParMarkBitMap*) 0x000000006e5b64f0
 Begin Bits: [0x0000000012520000, 0x0000000013520000)
 End Bits:   [0x0000000013520000, 0x0000000014520000)

Polling page: 0x0000000002750000

CodeCache: size=245760Kb used=7710Kb max_used=7710Kb free=238049Kb
 bounds [0x00000000029f0000, 0x0000000003180000, 0x00000000119f0000]
 total_blobs=1953 nmethods=1695 adapters=171
 compilation: enabled

Compilation events (10 events):
Event: 3.759 Thread 0x00000000150bf800 nmethod 1696 0x000000000317a510 code [0x000000000317a740, 0x000000000317cd90]
Event: 3.759 Thread 0x00000000150bf800 1714       4       com.android.dx.ssa.SsaBasicBlock::newFromRop (183 bytes)
Event: 3.759 Thread 0x00000000150c6800 1793       2       com.android.dx.ssa.SCCP::simulatePhi (169 bytes)
Event: 3.760 Thread 0x00000000150c6800 nmethod 1793 0x0000000003179210 code [0x0000000003179420, 0x0000000003179a98]
Event: 3.760 Thread 0x00000000150c6800 1794       2       com.android.dx.ssa.NormalSsaInsn::changeOneSource (120 bytes)
Event: 3.761 Thread 0x00000000150c6800 nmethod 1794 0x0000000003177e10 code [0x0000000003178020, 0x0000000003178798]
Event: 3.775 Thread 0x00000000150c6800 1797       2       com.android.dx.ssa.back.FirstFitLocalCombiningAllocator::findRangeAndAdjust (311 bytes)
Event: 3.776 Thread 0x00000000150c6800 nmethod 1797 0x0000000003176590 code [0x0000000003176800, 0x0000000003177218]
Event: 3.781 Thread 0x00000000150c6800 1798       2       com.android.dx.ssa.SCCP::simulateMath (424 bytes)
Event: 3.782 Thread 0x00000000150c6800 nmethod 1798 0x0000000003175350 code [0x0000000003175560, 0x0000000003175ca8]

GC Heap History (10 events):
Event: 2.125 GC heap before
{Heap before GC invocations=2 (full 0):
 PSYoungGen      total 38400K, used 38382K [0x00000000eab00000, 0x00000000ed580000, 0x0000000100000000)
  eden space 33280K, 100% used [0x00000000eab00000,0x00000000ecb80000,0x00000000ecb80000)
  from space 5120K, 99% used [0x00000000ecb80000,0x00000000ed07b8b0,0x00000000ed080000)
  to   space 5120K, 0% used [0x00000000ed080000,0x00000000ed080000,0x00000000ed580000)
 ParOldGen       total 87552K, used 6176K [0x00000000c0000000, 0x00000000c5580000, 0x00000000eab00000)
  object space 87552K, 7% used [0x00000000c0000000,0x00000000c0608280,0x00000000c5580000)
 Metaspace       used 5581K, capacity 5748K, committed 6016K, reserved 1062912K
  class space    used 548K, capacity 616K, committed 640K, reserved 1048576K
Event: 2.140 GC heap after
Heap after GC invocations=2 (full 0):
 PSYoungGen      total 38400K, used 5118K [0x00000000eab00000, 0x00000000ef600000, 0x0000000100000000)
  eden space 33280K, 0% used [0x00000000eab00000,0x00000000eab00000,0x00000000ecb80000)
  from space 5120K, 99% used [0x00000000ed080000,0x00000000ed57fb50,0x00000000ed580000)
  to   space 5120K, 0% used [0x00000000ecb80000,0x00000000ecb80000,0x00000000ed080000)
 ParOldGen       total 87552K, used 12731K [0x00000000c0000000, 0x00000000c5580000, 0x00000000eab00000)
  object space 87552K, 14% used [0x00000000c0000000,0x00000000c0c6ede8,0x00000000c5580000)
 Metaspace       used 5581K, capacity 5748K, committed 6016K, reserved 1062912K
  class space    used 548K, capacity 616K, committed 640K, reserved 1048576K
}
Event: 2.318 GC heap before
{Heap before GC invocations=3 (full 0):
 PSYoungGen      total 38400K, used 38398K [0x00000000eab00000, 0x00000000ef600000, 0x0000000100000000)
  eden space 33280K, 100% used [0x00000000eab00000,0x00000000ecb80000,0x00000000ecb80000)
  from space 5120K, 99% used [0x00000000ed080000,0x00000000ed57fb50,0x00000000ed580000)
  to   space 5120K, 0% used [0x00000000ecb80000,0x00000000ecb80000,0x00000000ed080000)
 ParOldGen       total 87552K, used 12731K [0x00000000c0000000, 0x00000000c5580000, 0x00000000eab00000)
  object space 87552K, 14% used [0x00000000c0000000,0x00000000c0c6ede8,0x00000000c5580000)
 Metaspace       used 5611K, capacity 5748K, committed 6016K, reserved 1062912K
  class space    used 550K, capacity 616K, committed 640K, reserved 1048576K
Event: 2.329 GC heap after
Heap after GC invocations=3 (full 0):
 PSYoungGen      total 38400K, used 5118K [0x00000000eab00000, 0x00000000ef600000, 0x0000000100000000)
  eden space 33280K, 0% used [0x00000000eab00000,0x00000000eab00000,0x00000000ecb80000)
  from space 5120K, 99% used [0x00000000ecb80000,0x00000000ed07fb50,0x00000000ed080000)
  to   space 5120K, 0% used [0x00000000ef100000,0x00000000ef100000,0x00000000ef600000)
 ParOldGen       total 87552K, used 21917K [0x00000000c0000000, 0x00000000c5580000, 0x00000000eab00000)
  object space 87552K, 25% used [0x00000000c0000000,0x00000000c1567458,0x00000000c5580000)
 Metaspace       used 5611K, capacity 5748K, committed 6016K, reserved 1062912K
  class space    used 550K, capacity 616K, committed 640K, reserved 1048576K
}
Event: 2.591 GC heap before
{Heap before GC invocations=4 (full 0):
 PSYoungGen      total 38400K, used 38398K [0x00000000eab00000, 0x00000000ef600000, 0x0000000100000000)
  eden space 33280K, 100% used [0x00000000eab00000,0x00000000ecb80000,0x00000000ecb80000)
  from space 5120K, 99% used [0x00000000ecb80000,0x00000000ed07fb50,0x00000000ed080000)
  to   space 5120K, 0% used [0x00000000ef100000,0x00000000ef100000,0x00000000ef600000)
 ParOldGen       total 87552K, used 21917K [0x00000000c0000000, 0x00000000c5580000, 0x00000000eab00000)
  object space 87552K, 25% used [0x00000000c0000000,0x00000000c1567458,0x00000000c5580000)
 Metaspace       used 5644K, capacity 5748K, committed 6016K, reserved 1062912K
  class space    used 550K, capacity 616K, committed 640K, reserved 1048576K
Event: 2.618 GC heap after
Heap after GC invocations=4 (full 0):
 PSYoungGen      total 71680K, used 5115K [0x00000000eab00000, 0x00000000ef600000, 0x0000000100000000)
  eden space 66560K, 0% used [0x00000000eab00000,0x00000000eab00000,0x00000000eec00000)
  from space 5120K, 99% used [0x00000000ef100000,0x00000000ef5fef60,0x00000000ef600000)
  to   space 5120K, 0% used [0x00000000eec00000,0x00000000eec00000,0x00000000ef100000)
 ParOldGen       total 87552K, used 26643K [0x00000000c0000000, 0x00000000c5580000, 0x00000000eab00000)
  object space 87552K, 30% used [0x00000000c0000000,0x00000000c1a04cb8,0x00000000c5580000)
 Metaspace       used 5644K, capacity 5748K, committed 6016K, reserved 1062912K
  class space    used 550K, capacity 616K, committed 640K, reserved 1048576K
}
Event: 3.021 GC heap before
{Heap before GC invocations=5 (full 0):
 PSYoungGen      total 71680K, used 71675K [0x00000000eab00000, 0x00000000ef600000, 0x0000000100000000)
  eden space 66560K, 100% used [0x00000000eab00000,0x00000000eec00000,0x00000000eec00000)
  from space 5120K, 99% used [0x00000000ef100000,0x00000000ef5fef60,0x00000000ef600000)
  to   space 5120K, 0% used [0x00000000eec00000,0x00000000eec00000,0x00000000ef100000)
 ParOldGen       total 87552K, used 26643K [0x00000000c0000000, 0x00000000c5580000, 0x00000000eab00000)
  object space 87552K, 30% used [0x00000000c0000000,0x00000000c1a04cb8,0x00000000c5580000)
 Metaspace       used 5674K, capacity 5812K, committed 6016K, reserved 1062912K
  class space    used 550K, capacity 616K, committed 640K, reserved 1048576K
Event: 3.037 GC heap after
Heap after GC invocations=5 (full 0):
 PSYoungGen      total 71680K, used 5114K [0x00000000eab00000, 0x00000000f4a00000, 0x0000000100000000)
  eden space 66560K, 0% used [0x00000000eab00000,0x00000000eab00000,0x00000000eec00000)
  from space 5120K, 99% used [0x00000000eec00000,0x00000000ef0fe880,0x00000000ef100000)
  to   space 14848K, 0% used [0x00000000f3b80000,0x00000000f3b80000,0x00000000f4a00000)
 ParOldGen       total 87552K, used 33876K [0x00000000c0000000, 0x00000000c5580000, 0x00000000eab00000)
  object space 87552K, 38% used [0x00000000c0000000,0x00000000c21153a0,0x00000000c5580000)
 Metaspace       used 5674K, capacity 5812K, committed 6016K, reserved 1062912K
  class space    used 550K, capacity 616K, committed 640K, reserved 1048576K
}
Event: 3.647 GC heap before
{Heap before GC invocations=6 (full 0):
 PSYoungGen      total 71680K, used 71674K [0x00000000eab00000, 0x00000000f4a00000, 0x0000000100000000)
  eden space 66560K, 100% used [0x00000000eab00000,0x00000000eec00000,0x00000000eec00000)
  from space 5120K, 99% used [0x00000000eec00000,0x00000000ef0fe880,0x00000000ef100000)
  to   space 14848K, 0% used [0x00000000f3b80000,0x00000000f3b80000,0x00000000f4a00000)
 ParOldGen       total 87552K, used 33876K [0x00000000c0000000, 0x00000000c5580000, 0x00000000eab00000)
  object space 87552K, 38% used [0x00000000c0000000,0x00000000c21153a0,0x00000000c5580000)
 Metaspace       used 5718K, capacity 5812K, committed 6016K, reserved 1062912K
  class space    used 551K, capacity 616K, committed 640K, reserved 1048576K
Event: 3.668 GC heap after
Heap after GC invocations=6 (full 0):
 PSYoungGen      total 147968K, used 13034K [0x00000000eab00000, 0x00000000f4a00000, 0x0000000100000000)
  eden space 133120K, 0% used [0x00000000eab00000,0x00000000eab00000,0x00000000f2d00000)
  from space 14848K, 87% used [0x00000000f3b80000,0x00000000f483aa20,0x00000000f4a00000)
  to   space 14848K, 0% used [0x00000000f2d00000,0x00000000f2d00000,0x00000000f3b80000)
 ParOldGen       total 87552K, used 33876K [0x00000000c0000000, 0x00000000c5580000, 0x00000000eab00000)
  object space 87552K, 38% used [0x00000000c0000000,0x00000000c21153a0,0x00000000c5580000)
 Metaspace       used 5718K, capacity 5812K, committed 6016K, reserved 1062912K
  class space    used 551K, capacity 616K, committed 640K, reserved 1048576K
}

Deoptimization events (10 events):
Event: 3.207 Thread 0x00000000028f1000 Uncommon trap: reason=class_check action=maybe_recompile pc=0x000000000309c0c4 method=com.android.dx.rop.cst.CstKnownNull.equals(Ljava/lang/Object;)Z @ 1
Event: 3.213 Thread 0x00000000028f1000 Uncommon trap: reason=class_check action=maybe_recompile pc=0x000000000309c0c4 method=com.android.dx.rop.cst.CstKnownNull.equals(Ljava/lang/Object;)Z @ 1
Event: 3.214 Thread 0x00000000028f1000 Uncommon trap: reason=class_check action=maybe_recompile pc=0x000000000309c0c4 method=com.android.dx.rop.cst.CstKnownNull.equals(Ljava/lang/Object;)Z @ 1
Event: 3.732 Thread 0x00000000028f1000 Uncommon trap: reason=unstable_if action=reinterpret pc=0x0000000002f97514 method=com.android.dx.ssa.SsaRenamer$BlockRenamer.process()V @ 90
Event: 3.750 Thread 0x00000000028f1000 Uncommon trap: reason=bimorphic action=maybe_recompile pc=0x00000000030f15f4 method=com.android.dx.cf.code.RopperMachine.run(Lcom/android/dx/cf/code/Frame;II)V @ 988
Event: 3.751 Thread 0x00000000028f1000 Uncommon trap: reason=bimorphic action=maybe_recompile pc=0x000000000309bf00 method=com.android.dx.ssa.SCCP.simulatePhi(Lcom/android/dx/ssa/PhiInsn;)V @ 124
Event: 3.756 Thread 0x00000000028f1000 Uncommon trap: reason=bimorphic action=maybe_recompile pc=0x000000000309bf00 method=com.android.dx.ssa.SCCP.simulatePhi(Lcom/android/dx/ssa/PhiInsn;)V @ 124
Event: 3.756 Thread 0x00000000028f1000 Uncommon trap: reason=bimorphic action=maybe_recompile pc=0x000000000309bf00 method=com.android.dx.ssa.SCCP.simulatePhi(Lcom/android/dx/ssa/PhiInsn;)V @ 124
Event: 3.756 Thread 0x00000000028f1000 Uncommon trap: reason=bimorphic action=maybe_recompile pc=0x000000000309bf00 method=com.android.dx.ssa.SCCP.simulatePhi(Lcom/android/dx/ssa/PhiInsn;)V @ 124
Event: 3.773 Thread 0x00000000028f1000 Uncommon trap: reason=bimorphic action=maybe_recompile pc=0x0000000002c2cea4 method=java.util.HashMap.getNode(ILjava/lang/Object;)Ljava/util/HashMap$Node; @ 126

Internal exceptions (3 events):
Event: 0.102 Thread 0x00000000028f1000 Exception <a 'java/lang/NoSuchMethodError': Method sun.misc.Unsafe.defineClass(Ljava/lang/String;[BII)Ljava/lang/Class; name or signature does not match> (0x00000000eab07cc0) thrown at [D:\re\workspace\8-2-build-windows-amd64-cygwin\jdk8u92\6642\hotspot\sr{²! º?
Event: 0.102 Thread 0x00000000028f1000 Exception <a 'java/lang/NoSuchMethodError': Method sun.misc.Unsafe.prefetchRead(Ljava/lang/Object;J)V name or signature does not match> (0x00000000eab07fa8) thrown at [D:\re\workspace\8-2-build-windows-amd64-cygwin\jdk8u92\6642\hotspot\src\share\vm\prims\jŒ|©úÇvô?
Event: 1.279 Thread 0x00000000028f1000 Implicit null exception at 0x0000000002ca608c to 0x0000000002ca7ab5

Events (10 events):
Event: 3.756 Thread 0x00000000028f1000 DEOPT UNPACKING pc=0x0000000002a3582a sp=0x00000000028ee688 mode 2
Event: 3.756 Thread 0x00000000028f1000 Uncommon trap: trap_request=0xffffffc6 fr.pc=0x000000000309bf00
Event: 3.756 Thread 0x00000000028f1000 DEOPT PACKING pc=0x000000000309bf00 sp=0x00000000028ee750
Event: 3.756 Thread 0x00000000028f1000 DEOPT UNPACKING pc=0x0000000002a3582a sp=0x00000000028ee728 mode 2
Event: 3.756 Thread 0x00000000028f1000 Uncommon trap: trap_request=0xffffffc6 fr.pc=0x000000000309bf00
Event: 3.756 Thread 0x00000000028f1000 DEOPT PACKING pc=0x000000000309bf00 sp=0x00000000028ee750
Event: 3.756 Thread 0x00000000028f1000 DEOPT UNPACKING pc=0x0000000002a3582a sp=0x00000000028ee728 mode 2
Event: 3.773 Thread 0x00000000028f1000 Uncommon trap: trap_request=0xffffffc6 fr.pc=0x0000000002c2cea4
Event: 3.773 Thread 0x00000000028f1000 DEOPT PACKING pc=0x0000000002c2cea4 sp=0x00000000028ee560
Event: 3.773 Thread 0x00000000028f1000 DEOPT UNPACKING pc=0x0000000002a3582a sp=0x00000000028ee478 mode 2


Dynamic libraries:
0x00007ff6b2070000 - 0x00007ff6b20a7000 	C:\Program Files\Java\jdk1.8.0_92\bin\java.exe
0x00007ffa19820000 - 0x00007ffa199e1000 	C:\WINDOWS\SYSTEM32\ntdll.dll
0x00007ffa19630000 - 0x00007ffa196dd000 	C:\WINDOWS\system32\KERNEL32.DLL
0x00007ffa169a0000 - 0x00007ffa16b88000 	C:\WINDOWS\system32\KERNELBASE.dll
0x00007ffa18bb0000 - 0x00007ffa18c57000 	C:\WINDOWS\system32\ADVAPI32.dll
0x00007ffa18960000 - 0x00007ffa189fd000 	C:\WINDOWS\system32\msvcrt.dll
0x00007ffa16c20000 - 0x00007ffa16c7b000 	C:\WINDOWS\system32\sechost.dll
0x00007ffa19290000 - 0x00007ffa193ac000 	C:\WINDOWS\system32\RPCRT4.dll
0x00007ffa18ff0000 - 0x00007ffa19146000 	C:\WINDOWS\system32\USER32.dll
0x00007ffa17120000 - 0x00007ffa172a6000 	C:\WINDOWS\system32\GDI32.dll
0x00007ffa10470000 - 0x00007ffa106e4000 	C:\WINDOWS\WinSxS\amd64_microsoft.windows.common-controls_6595b64144ccf1df_6.0.10586.494_none_a2d8b04ea53e3145\COMCTL32.dll
0x00007ffa193b0000 - 0x00007ffa1962d000 	C:\WINDOWS\system32\combase.dll
0x00007ffa15ed0000 - 0x00007ffa15f3a000 	C:\WINDOWS\system32\bcryptPrimitives.dll
0x00007ffa18b60000 - 0x00007ffa18b9b000 	C:\WINDOWS\system32\IMM32.DLL
0x000000006d8e0000 - 0x000000006d9b2000 	C:\Program Files\Java\jdk1.8.0_92\jre\bin\msvcr100.dll
0x000000006dda0000 - 0x000000006e636000 	C:\Program Files\Java\jdk1.8.0_92\jre\bin\server\jvm.dll
0x00007ffa19150000 - 0x00007ffa19158000 	C:\WINDOWS\system32\PSAPI.DLL
0x00007ffa13b10000 - 0x00007ffa13b33000 	C:\WINDOWS\SYSTEM32\WINMM.dll
0x00007ff9fa690000 - 0x00007ff9fa699000 	C:\WINDOWS\SYSTEM32\WSOCK32.dll
0x00007ffa197b0000 - 0x00007ffa1981b000 	C:\WINDOWS\system32\WS2_32.dll
0x00007ffa0a920000 - 0x00007ffa0a92a000 	C:\WINDOWS\SYSTEM32\VERSION.dll
0x00007ffa13930000 - 0x00007ffa1395c000 	C:\WINDOWS\SYSTEM32\WINMMBASE.dll
0x00007ffa16000000 - 0x00007ffa16043000 	C:\WINDOWS\system32\cfgmgr32.dll
0x000000006eaf0000 - 0x000000006eaff000 	C:\Program Files\Java\jdk1.8.0_92\jre\bin\verify.dll
0x000000006eac0000 - 0x000000006eae9000 	C:\Program Files\Java\jdk1.8.0_92\jre\bin\java.dll
0x000000006eaa0000 - 0x000000006eab6000 	C:\Program Files\Java\jdk1.8.0_92\jre\bin\zip.dll
0x00007ffa17400000 - 0x00007ffa1895c000 	C:\WINDOWS\system32\SHELL32.dll
0x00007ffa16330000 - 0x00007ffa16975000 	C:\WINDOWS\system32\windows.storage.dll
0x00007ffa19230000 - 0x00007ffa19282000 	C:\WINDOWS\system32\shlwapi.dll
0x00007ffa15ec0000 - 0x00007ffa15ecf000 	C:\WINDOWS\system32\kernel.appcore.dll
0x00007ffa15f40000 - 0x00007ffa15ff5000 	C:\WINDOWS\system32\shcore.dll
0x00007ffa15e60000 - 0x00007ffa15eab000 	C:\WINDOWS\system32\powrprof.dll
0x00007ffa15e40000 - 0x00007ffa15e54000 	C:\WINDOWS\system32\profapi.dll

VM Arguments:
jvm_args: -Djava.awt.headless=true -Xmx1024M -Dfile.encoding=windows-1252 -Duser.country=US -Duser.language=en -Duser.variant 
java_command: com.android.dx.command.Main --dex --force-jumbo --multi-dex --output C:\Users\WMS_12\Desktop\whiteboard12 - 708 - final version of today\app\build\intermediates\transforms\dex\debug\folders\1000\5\slice_9 C:\Users\WMS_12\Desktop\whiteboard12 - 708 - final version of today\app\build\intermediates\transforms\instantRunSlicer\debug\folders\1\5\slice_9
java_class_path (initial): C:\Users\WMS_12\AppData\Local\Android\sdk\build-tools\21.1.2\lib\dx.jar
Launcher Type: SUN_STANDARD

Environment Variables:
CLASSPATH=.;%JAVA_HOME%\lib\dt.jar;%JAVA_HOME%\lib\tools.jar
PATH=C:\Program Files\Java\jdk1.8.0_92\bin
USERNAME=WMS_12
OS=Windows_NT
PROCESSOR_IDENTIFIER=Intel64 Family 6 Model 60 Stepping 3, GenuineIntel



---------------  S Y S T E M  ---------------

OS: Windows 10.0 , 64 bit Build 10586 (10.0.10586.0)

CPU:total 4 (2 cores per cpu, 2 threads per core) family 6 model 60 stepping 3, cmov, cx8, fxsr, mmx, sse, sse2, sse3, ssse3, sse4.1, sse4.2, popcnt, avx, avx2, aes, clmul, erms, lzcnt, ht, tsc, tscinvbit, bmi1, bmi2

Memory: 4k page, physical 8312532k(898504k free), swap 12506836k(5836k free)

vm_info: Java HotSpot(TM) 64-Bit Server VM (25.92-b14) for windows-amd64 JRE (1.8.0_92-b14), built on Mar 31 2016 21:03:04 by "java_re" with MS VC++ 10.0 (VS2010)

time: Tue Jul 19 10:57:11 2016
elapsed time: 3 seconds (0d 0h 0m 3s)

