#
# There is insufficient memory for the Java Runtime Environment to continue.
# Native memory allocation (malloc) failed to allocate 94096 bytes for Chunk::new
# Possible reasons:
#   The system is out of physical RAM or swap space
#   In 32 bit mode, the process size limit was hit
# Possible solutions:
#   Reduce memory load on the system
#   Increase physical memory or swap space
#   Check if swap backing store is full
#   Use 64 bit Java on a 64 bit OS
#   Decrease Java heap size (-Xmx/-Xms)
#   Decrease number of Java threads
#   Decrease Java thread stack sizes (-Xss)
#   Set larger code cache with -XX:ReservedCodeCacheSize=
# This output file may be truncated or incomplete.
#
#  Out of Memory Error (allocation.cpp:390), pid=15212, tid=0x00000000000002f8
#
# JRE version: Java(TM) SE Runtime Environment (8.0_92-b14) (build 1.8.0_92-b14)
# Java VM: Java HotSpot(TM) 64-Bit Server VM (25.92-b14 mixed mode windows-amd64 compressed oops)
# Failed to write core dump. Minidumps are not enabled by default on client versions of Windows
#

---------------  T H R E A D  ---------------

Current thread (0x0000000014c7f800):  JavaThread "C2 CompilerThread1" daemon [_thread_in_native, id=760, stack(0x00000000163b0000,0x00000000164b0000)]

Stack: [0x00000000163b0000,0x00000000164b0000]
[error occurred during error reporting (printing stack bounds), id 0xc0000005]

Native frames: (J=compiled Java code, j=interpreted, Vv=VM code, C=native code)


Current CompileTask:
C2:   1281  646       4       java.util.HashMap::get (23 bytes)


---------------  P R O C E S S  ---------------

Java Threads: ( => current thread )
  0x00000000167ff800 JavaThread "pool-2-thread-4" [_thread_in_Java, id=1804, stack(0x0000000016fb0000,0x00000000170b0000)]
  0x00000000167ff000 JavaThread "pool-2-thread-3" [_thread_blocked, id=11084, stack(0x0000000016eb0000,0x0000000016fb0000)]
  0x000000001674b800 JavaThread "pool-2-thread-2" [_thread_blocked, id=3056, stack(0x0000000016db0000,0x0000000016eb0000)]
  0x0000000016748800 JavaThread "pool-3-thread-1" [_thread_blocked, id=9576, stack(0x0000000016cb0000,0x0000000016db0000)]
  0x0000000016748000 JavaThread "pool-2-thread-1" [_thread_blocked, id=12800, stack(0x0000000016bb0000,0x0000000016cb0000)]
  0x00000000165bc800 JavaThread "Service Thread" daemon [_thread_blocked, id=10088, stack(0x00000000169b0000,0x0000000016ab0000)]
  0x0000000014cd8800 JavaThread "C1 CompilerThread2" daemon [_thread_blocked, id=16212, stack(0x00000000164b0000,0x00000000165b0000)]
=>0x0000000014c7f800 JavaThread "C2 CompilerThread1" daemon [_thread_in_native, id=760, stack(0x00000000163b0000,0x00000000164b0000)]
  0x0000000014c7c800 JavaThread "C2 CompilerThread0" daemon [_thread_in_native, id=11688, stack(0x00000000162b0000,0x00000000163b0000)]
  0x0000000014c7a800 JavaThread "Attach Listener" daemon [_thread_blocked, id=9788, stack(0x00000000161b0000,0x00000000162b0000)]
  0x0000000014c79000 JavaThread "Signal Dispatcher" daemon [_thread_blocked, id=1656, stack(0x00000000160b0000,0x00000000161b0000)]
  0x0000000014c6a000 JavaThread "Finalizer" daemon [_thread_blocked, id=9848, stack(0x0000000015ed0000,0x0000000015fd0000)]
  0x0000000014c49000 JavaThread "Reference Handler" daemon [_thread_blocked, id=2828, stack(0x0000000015dd0000,0x0000000015ed0000)]
  0x00000000024b0800 JavaThread "main" [_thread_in_Java, id=12804, stack(0x00000000022b0000,0x00000000023b0000)]

Other Threads:
  0x0000000014c47000 VMThread [stack: 0x0000000015cd0000,0x0000000015dd0000] [id=15356]
  0x00000000165b6000 WatcherThread [stack: 0x0000000016ab0000,0x0000000016bb0000] [id=16360]

VM state:not at safepoint (normal execution)

VM Mutex/Monitor currently owned by a thread: None

Heap:
 PSYoungGen      total 38400K, used 13992K [0x00000000eab00000, 0x00000000ed580000, 0x0000000100000000)
  eden space 33280K, 42% used [0x00000000eab00000,0x00000000eb8aa0b8,0x00000000ecb80000)
  from space 5120K, 0% used [0x00000000ed080000,0x00000000ed080000,0x00000000ed580000)
  to   space 5120K, 0% used [0x00000000ecb80000,0x00000000ecb80000,0x00000000ed080000)
 ParOldGen       total 87552K, used 0K [0x00000000c0000000, 0x00000000c5580000, 0x00000000eab00000)
  object space 87552K, 0% used [0x00000000c0000000,0x00000000c0000000,0x00000000c5580000)
 Metaspace       used 5701K, capacity 6704K, committed 6784K, reserved 1056768K
  class space    used 599K, capacity 616K, committed 640K, reserved 1048576K

Card table byte_map: [0x0000000011970000,0x0000000011b80000] byte_map_base: 0x0000000011370000

Marking Bits: (ParMarkBitMap*) 0x0000000071a564f0
 Begin Bits: [0x00000000120e0000, 0x00000000130e0000)
 End Bits:   [0x00000000130e0000, 0x00000000140e0000)

Polling page: 0x0000000000a70000

CodeCache: size=245760Kb used=2597Kb max_used=2608Kb free=243162Kb
 bounds [0x00000000025b0000, 0x0000000002840000, 0x00000000115b0000]
 total_blobs=889 nmethods=620 adapters=182
 compilation: enabled

Compilation events (10 events):
Event: 1.204 Thread 0x0000000014c7c800 nmethod 597 0x0000000002832210 code [0x0000000002832340, 0x00000000028323d8]
Event: 1.204 Thread 0x0000000014c7c800  590       4       com.android.dx.util.Bits::clear (21 bytes)
Event: 1.205 Thread 0x0000000014c7c800 nmethod 590 0x000000000282fcd0 code [0x000000000282fe00, 0x000000000282fe98]
Event: 1.205 Thread 0x0000000014c7c800  602       4       com.android.dx.rop.type.Type::getBasicFrameType (60 bytes)
Event: 1.205 Thread 0x0000000014c7f800 nmethod 584 0x000000000282f610 code [0x000000000282f760, 0x000000000282fa98]
Event: 1.205 Thread 0x0000000014c7f800  591       4       java.lang.Long::bitCount (61 bytes)
Event: 1.205 Thread 0x0000000014c7c800 nmethod 602 0x000000000282f410 code [0x000000000282f540, 0x000000000282f5b8]
Event: 1.206 Thread 0x0000000014c7f800 nmethod 591 0x000000000282f1d0 code [0x000000000282f300, 0x000000000282f3b8]
Event: 1.277 Thread 0x0000000014c7c800  651 %     4       com.android.dx.cf.code.LineNumberList::pcToLine @ 13 (73 bytes)
Event: 1.277 Thread 0x0000000014c7f800  646       4       java.util.HashMap::get (23 bytes)

GC Heap History (0 events):
No events

Deoptimization events (1 events):
Event: 1.158 Thread 0x00000000024b0800 Uncommon trap: reason=unstable_if action=reinterpret pc=0x00000000027d7be0 method=java.util.HashMap.getNode(ILjava/lang/Object;)Ljava/util/HashMap$Node; @ 129

Internal exceptions (2 events):
Event: 0.040 Thread 0x00000000024b0800 Exception <a 'java/lang/NoSuchMethodError': Method sun.misc.Unsafe.defineClass(Ljava/lang/String;[BII)Ljava/lang/Class; name or signature does not match> (0x00000000eab07cc0) thrown at [D:\re\workspace\8-2-build-windows-amd64-cygwin\jdk8u92\6642\hotspot\sr+:¹´XŸ¤?
Event: 0.040 Thread 0x00000000024b0800 Exception <a 'java/lang/NoSuchMethodError': Method sun.misc.Unsafe.prefetchRead(Ljava/lang/Object;J)V name or signature does not match> (0x00000000eab07fa8) thrown at [D:\re\workspace\8-2-build-windows-amd64-cygwin\jdk8u92\6642\hotspot\src\share\vm\prims\j

Events (10 events):
Event: 1.131 loading class java/util/HashMap$Values done
Event: 1.131 loading class java/util/HashMap$ValueIterator
Event: 1.131 loading class java/util/HashMap$ValueIterator done
Event: 1.158 Thread 0x00000000024b0800 Uncommon trap: trap_request=0xffffff65 fr.pc=0x00000000027d7be0
Event: 1.158 Thread 0x00000000024b0800 DEOPT PACKING pc=0x00000000027d7be0 sp=0x00000000023ae260
Event: 1.158 Thread 0x00000000024b0800 DEOPT UNPACKING pc=0x00000000025f582a sp=0x00000000023ae1d8 mode 2
Event: 1.209 Executing VM operation: ForceSafepoint
Event: 1.248 Executing VM operation: ForceSafepoint done
Event: 1.272 loading class java/util/DualPivotQuicksort
Event: 1.272 loading class java/util/DualPivotQuicksort done


Dynamic libraries:
0x00007ff798fa0000 - 0x00007ff798fd7000 	C:\Program Files\Java\jdk1.8.0_92\bin\java.exe
0x00007ffac2220000 - 0x00007ffac23e1000 	C:\WINDOWS\SYSTEM32\ntdll.dll
0x00007ffabfb80000 - 0x00007ffabfc2d000 	C:\WINDOWS\system32\KERNEL32.DLL
0x00007ffabec10000 - 0x00007ffabedf8000 	C:\WINDOWS\system32\KERNELBASE.dll
0x00007ffabfc30000 - 0x00007ffabfcd7000 	C:\WINDOWS\system32\ADVAPI32.dll
0x00007ffac1e90000 - 0x00007ffac1f2d000 	C:\WINDOWS\system32\msvcrt.dll
0x00007ffac0110000 - 0x00007ffac016b000 	C:\WINDOWS\system32\sechost.dll
0x00007ffac1bb0000 - 0x00007ffac1ccc000 	C:\WINDOWS\system32\RPCRT4.dll
0x00007ffac2000000 - 0x00007ffac2156000 	C:\WINDOWS\system32\USER32.dll
0x00007ffabf8b0000 - 0x00007ffabfa36000 	C:\WINDOWS\system32\GDI32.dll
0x00007ffab69b0000 - 0x00007ffab6c24000 	C:\WINDOWS\WinSxS\amd64_microsoft.windows.common-controls_6595b64144ccf1df_6.0.10586.494_none_a2d8b04ea53e3145\COMCTL32.dll
0x00007ffabf630000 - 0x00007ffabf8ad000 	C:\WINDOWS\system32\combase.dll
0x00007ffabee90000 - 0x00007ffabeefa000 	C:\WINDOWS\system32\bcryptPrimitives.dll
0x00007ffac0170000 - 0x00007ffac01ab000 	C:\WINDOWS\system32\IMM32.DLL
0x0000000071130000 - 0x0000000071202000 	C:\Program Files\Java\jdk1.8.0_92\jre\bin\msvcr100.dll
0x0000000071240000 - 0x0000000071ad6000 	C:\Program Files\Java\jdk1.8.0_92\jre\bin\server\jvm.dll
0x00007ffabf620000 - 0x00007ffabf628000 	C:\WINDOWS\system32\PSAPI.DLL
0x00007ffaa8440000 - 0x00007ffaa8449000 	C:\WINDOWS\SYSTEM32\WSOCK32.dll
0x00007ffac01b0000 - 0x00007ffac021b000 	C:\WINDOWS\system32\WS2_32.dll
0x00007ffabcbf0000 - 0x00007ffabcc13000 	C:\WINDOWS\SYSTEM32\WINMM.dll
0x00007ffab3c10000 - 0x00007ffab3c1a000 	C:\WINDOWS\SYSTEM32\VERSION.dll
0x00007ffabcbc0000 - 0x00007ffabcbec000 	C:\WINDOWS\SYSTEM32\WINMMBASE.dll
0x00007ffabe930000 - 0x00007ffabe973000 	C:\WINDOWS\system32\cfgmgr32.dll
0x0000000073170000 - 0x000000007317f000 	C:\Program Files\Java\jdk1.8.0_92\jre\bin\verify.dll
0x0000000072d00000 - 0x0000000072d29000 	C:\Program Files\Java\jdk1.8.0_92\jre\bin\java.dll
0x0000000072ce0000 - 0x0000000072cf6000 	C:\Program Files\Java\jdk1.8.0_92\jre\bin\zip.dll
0x00007ffac0450000 - 0x00007ffac19ac000 	C:\WINDOWS\system32\SHELL32.dll
0x00007ffabefb0000 - 0x00007ffabf5f5000 	C:\WINDOWS\system32\windows.storage.dll
0x00007ffac21c0000 - 0x00007ffac2212000 	C:\WINDOWS\system32\shlwapi.dll
0x00007ffabe8a0000 - 0x00007ffabe8af000 	C:\WINDOWS\system32\kernel.appcore.dll
0x00007ffabeb50000 - 0x00007ffabec05000 	C:\WINDOWS\system32\shcore.dll
0x00007ffabe840000 - 0x00007ffabe88b000 	C:\WINDOWS\system32\powrprof.dll
0x00007ffabe8b0000 - 0x00007ffabe8c4000 	C:\WINDOWS\system32\profapi.dll

VM Arguments:
jvm_args: -Djava.awt.headless=true -Xmx1024M -Dfile.encoding=windows-1252 -Duser.country=US -Duser.language=en -Duser.variant 
java_command: com.android.dx.command.Main --dex --force-jumbo --num-threads=4 --multi-dex --output C:\Users\WMS_12\Desktop\version\whiteboard12 - 727 - problem with alljoyn\app\build\intermediates\transforms\dex\debug\folders\1000\10\com.android.support-support-vector-drawable-24.1.0_8fd512396ccd71fa9482bf7e975909c45ff17732 C:\Users\WMS_12\Desktop\version\whiteboard12 - 727 - problem with alljoyn\app\build\intermediates\exploded-aar\com.android.support\support-vector-drawable\24.1.0\jars\classes.jar
java_class_path (initial): C:\Users\WMS_12\AppData\Local\Android\sdk\build-tools\24.0.1\lib\dx.jar
Launcher Type: SUN_STANDARD

Environment Variables:
CLASSPATH=.;%JAVA_HOME%\lib\dt.jar;%JAVA_HOME%\lib\tools.jar
PATH=C:\Program Files\Java\jdk1.8.0_92\bin;C:\Program Files (x86)\MySQL\MySQL Fabric 1.5 & MySQL Utilities 1.5\;C:\Program Files (x86)\MySQL\MySQL Fabric 1.5 & MySQL Utilities 1.5\Doctrine extensions for PHP\;C:\Program Files\Git\cmd
USERNAME=WMS_12
OS=Windows_NT
PROCESSOR_IDENTIFIER=Intel64 Family 6 Model 60 Stepping 3, GenuineIntel



---------------  S Y S T E M  ---------------

OS: Windows 10.0 , 64 bit Build 10586 (10.0.10586.0)

CPU:total 4 (2 cores per cpu, 2 threads per core) family 6 model 60 stepping 3, cmov, cx8, fxsr, mmx, sse, sse2, sse3, ssse3, sse4.1, sse4.2, popcnt, avx, avx2, aes, clmul, erms, lzcnt, ht, tsc, tscinvbit, bmi1, bmi2

Memory: 4k page, physical 8312532k(1549776k free), swap 12506836k(5132k free)

vm_info: Java HotSpot(TM) 64-Bit Server VM (25.92-b14) for windows-amd64 JRE (1.8.0_92-b14), built on Mar 31 2016 21:03:04 by "java_re" with MS VC++ 10.0 (VS2010)

time: Thu Aug 04 17:19:28 2016
elapsed time: 1 seconds (0d 0h 0m 1s)

