#
# There is insufficient memory for the Java Runtime Environment to continue.
# Native memory allocation (malloc) failed to allocate 32744 bytes for ChunkPool::allocate
# Possible reasons:
#   The system is out of physical RAM or swap space
#   In 32 bit mode, the process size limit was hit
# Possible solutions:
#   Reduce memory load on the system
#   Increase physical memory or swap space
#   Check if swap backing store is full
#   Use 64 bit Java on a 64 bit OS
#   Decrease Java heap size (-Xmx/-Xms)
#   Decrease number of Java threads
#   Decrease Java thread stack sizes (-Xss)
#   Set larger code cache with -XX:ReservedCodeCacheSize=
# This output file may be truncated or incomplete.
#
#  Out of Memory Error (allocation.cpp:273), pid=13400, tid=0x0000000000002b40
#
# JRE version: Java(TM) SE Runtime Environment (8.0_92-b14) (build 1.8.0_92-b14)
# Java VM: Java HotSpot(TM) 64-Bit Server VM (25.92-b14 mixed mode windows-amd64 compressed oops)
# Failed to write core dump. Minidumps are not enabled by default on client versions of Windows
#

---------------  T H R E A D  ---------------

Current thread (0x0000000015168000):  JavaThread "C2 CompilerThread0" daemon [_thread_in_native, id=11072, stack(0x00000000166b0000,0x00000000167b0000)]

Stack: [0x00000000166b0000,0x00000000167b0000]
[error occurred during error reporting (printing stack bounds), id 0xc0000005]

Native frames: (J=compiled Java code, j=interpreted, Vv=VM code, C=native code)


Current CompileTask:
C2:   2989  958   !   4       com.android.dx.cf.code.BytecodeArray::parseInstruction (2764 bytes)


---------------  P R O C E S S  ---------------

Java Threads: ( => current thread )
  0x0000000016c21800 JavaThread "pool-2-thread-4" [_thread_blocked, id=5772, stack(0x00000000173b0000,0x00000000174b0000)]
  0x0000000016bdf800 JavaThread "pool-2-thread-3" [_thread_blocked, id=4600, stack(0x00000000172b0000,0x00000000173b0000)]
  0x0000000016bde000 JavaThread "pool-2-thread-2" [_thread_blocked, id=16204, stack(0x00000000171b0000,0x00000000172b0000)]
  0x0000000016b38800 JavaThread "pool-3-thread-1" [_thread_blocked, id=13840, stack(0x00000000170b0000,0x00000000171b0000)]
  0x0000000016b37800 JavaThread "pool-2-thread-1" [_thread_blocked, id=5544, stack(0x0000000016fb0000,0x00000000170b0000)]
  0x00000000169bc800 JavaThread "Service Thread" daemon [_thread_blocked, id=4988, stack(0x0000000016db0000,0x0000000016eb0000)]
  0x00000000151bb800 JavaThread "C1 CompilerThread2" daemon [_thread_blocked, id=4000, stack(0x00000000168b0000,0x00000000169b0000)]
  0x0000000015158000 JavaThread "C2 CompilerThread1" daemon [_thread_in_native, id=7292, stack(0x00000000167b0000,0x00000000168b0000)]
=>0x0000000015168000 JavaThread "C2 CompilerThread0" daemon [_thread_in_native, id=11072, stack(0x00000000166b0000,0x00000000167b0000)]
  0x0000000015166000 JavaThread "Attach Listener" daemon [_thread_blocked, id=4800, stack(0x00000000165b0000,0x00000000166b0000)]
  0x0000000015165000 JavaThread "Signal Dispatcher" daemon [_thread_blocked, id=16076, stack(0x00000000164b0000,0x00000000165b0000)]
  0x000000001514a800 JavaThread "Finalizer" daemon [_thread_blocked, id=14396, stack(0x00000000163b0000,0x00000000164b0000)]
  0x000000000297f000 JavaThread "Reference Handler" daemon [_thread_blocked, id=14780, stack(0x00000000162b0000,0x00000000163b0000)]
  0x0000000002890800 JavaThread "main" [_thread_blocked, id=3892, stack(0x0000000002690000,0x0000000002790000)]

Other Threads:
  0x0000000015128000 VMThread [stack: 0x00000000161b0000,0x00000000162b0000] [id=9880]
  0x00000000169da000 WatcherThread [stack: 0x0000000016eb0000,0x0000000016fb0000] [id=16308]

VM state:at safepoint (normal execution)

VM Mutex/Monitor currently owned by a thread:  ([mutex/lock_event])
[0x0000000002a8c2f0] Threads_lock - owner thread: 0x0000000015128000
[0x0000000002a8c6f0] Heap_lock - owner thread: 0x0000000016b37800

Heap:
 PSYoungGen      total 38400K, used 38398K [0x00000000eab00000, 0x00000000ef600000, 0x0000000100000000)
  eden space 33280K, 100% used [0x00000000eab00000,0x00000000ecb80000,0x00000000ecb80000)
  from space 5120K, 99% used [0x00000000ecb80000,0x00000000ed07fbd0,0x00000000ed080000)
  to   space 5120K, 99% used [0x00000000ef100000,0x00000000ef5fcc00,0x00000000ef600000)
 ParOldGen       total 87552K, used 12568K [0x00000000c0000000, 0x00000000c5580000, 0x00000000eab00000)
  object space 87552K, 14% used [0x00000000c0000000,0x00000000c0c46170,0x00000000c5580000)
 Metaspace       used 5866K, capacity 6960K, committed 7040K, reserved 1056768K
  class space    used 584K, capacity 616K, committed 640K, reserved 1048576K

Card table byte_map: [0x0000000011e50000,0x0000000012060000] byte_map_base: 0x0000000011850000

Marking Bits: (ParMarkBitMap*) 0x0000000071a564f0
 Begin Bits: [0x00000000125c0000, 0x00000000135c0000)
 End Bits:   [0x00000000135c0000, 0x00000000145c0000)

Polling page: 0x0000000000ea0000

CodeCache: size=245760Kb used=5071Kb max_used=5071Kb free=240688Kb
 bounds [0x0000000002a90000, 0x0000000002f90000, 0x0000000011a90000]
 total_blobs=1535 nmethods=1273 adapters=175
 compilation: enabled

Compilation events (10 events):
Event: 2.762 Thread 0x00000000151bb800 1252       2       com.android.dx.ssa.DomFront::buildDomTree (72 bytes)
Event: 2.763 Thread 0x00000000151bb800 nmethod 1252 0x0000000002f64390 code [0x0000000002f64560, 0x0000000002f64b48]
Event: 2.764 Thread 0x00000000151bb800 1253       2       com.android.dx.ssa.DomFront::run (264 bytes)
Event: 2.766 Thread 0x00000000151bb800 nmethod 1253 0x0000000002f65350 code [0x0000000002f656e0, 0x0000000002f66cc8]
Event: 2.767 Thread 0x00000000151bb800 1254       2       com.android.dx.ssa.DomFront::calcDomFronts (154 bytes)
Event: 2.768 Thread 0x00000000151bb800 nmethod 1254 0x0000000002f68050 code [0x0000000002f68240, 0x0000000002f688c8]
Event: 2.772 Thread 0x00000000151bb800 1256       2       com.android.dx.ssa.SsaInsn::makeFromRop (10 bytes)
Event: 2.772 Thread 0x00000000151bb800 nmethod 1256 0x0000000002f691d0 code [0x0000000002f69340, 0x0000000002f695c8]
Event: 2.779 Thread 0x00000000151bb800 1258       2       com.android.dx.rop.cst.CstType::hashCode (8 bytes)
Event: 2.779 Thread 0x00000000151bb800 nmethod 1258 0x0000000002f3d790 code [0x0000000002f3d900, 0x0000000002f3da88]

GC Heap History (2 events):
Event: 2.056 GC heap before
{Heap before GC invocations=1 (full 0):
 PSYoungGen      total 38400K, used 33280K [0x00000000eab00000, 0x00000000ed580000, 0x0000000100000000)
  eden space 33280K, 100% used [0x00000000eab00000,0x00000000ecb80000,0x00000000ecb80000)
  from space 5120K, 0% used [0x00000000ed080000,0x00000000ed080000,0x00000000ed580000)
  to   space 5120K, 0% used [0x00000000ecb80000,0x00000000ecb80000,0x00000000ed080000)
 ParOldGen       total 87552K, used 0K [0x00000000c0000000, 0x00000000c5580000, 0x00000000eab00000)
  object space 87552K, 0% used [0x00000000c0000000,0x00000000c0000000,0x00000000c5580000)
 Metaspace       used 5771K, capacity 6896K, committed 7040K, reserved 1056768K
  class space    used 583K, capacity 616K, committed 640K, reserved 1048576K
Event: 2.122 GC heap after
Heap after GC invocations=1 (full 0):
 PSYoungGen      total 38400K, used 5118K [0x00000000eab00000, 0x00000000ef600000, 0x0000000100000000)
  eden space 33280K, 0% used [0x00000000eab00000,0x00000000eab00000,0x00000000ecb80000)
  from space 5120K, 99% used [0x00000000ecb80000,0x00000000ed07fbd0,0x00000000ed080000)
  to   space 5120K, 0% used [0x00000000ef100000,0x00000000ef100000,0x00000000ef600000)
 ParOldGen       total 87552K, used 2801K [0x00000000c0000000, 0x00000000c5580000, 0x00000000eab00000)
  object space 87552K, 3% used [0x00000000c0000000,0x00000000c02bc588,0x00000000c5580000)
 Metaspace       used 5771K, capacity 6896K, committed 7040K, reserved 1056768K
  class space    used 583K, capacity 616K, committed 640K, reserved 1048576K
}

Deoptimization events (10 events):
Event: 1.874 Thread 0x0000000002890800 Uncommon trap: reason=class_check action=maybe_recompile pc=0x0000000002d6d398 method=com.android.dx.ssa.NormalSsaInsn.accept(Lcom/android/dx/ssa/SsaInsn$Visitor;)V @ 9
Event: 1.912 Thread 0x0000000016bdf800 Uncommon trap: reason=class_check action=maybe_recompile pc=0x0000000002daadb8 method=com.android.dx.rop.type.Type.equals(Ljava/lang/Object;)Z @ 8
Event: 1.912 Thread 0x0000000016bdf800 Uncommon trap: reason=class_check action=maybe_recompile pc=0x0000000002daadb8 method=com.android.dx.rop.type.Type.equals(Ljava/lang/Object;)Z @ 8
Event: 1.916 Thread 0x0000000016bdf800 Uncommon trap: reason=class_check action=maybe_recompile pc=0x0000000002daadb8 method=com.android.dx.rop.type.Type.equals(Ljava/lang/Object;)Z @ 8
Event: 1.916 Thread 0x0000000016bdf800 Uncommon trap: reason=class_check action=maybe_recompile pc=0x0000000002daadb8 method=com.android.dx.rop.type.Type.equals(Ljava/lang/Object;)Z @ 8
Event: 1.934 Thread 0x0000000016c21800 Uncommon trap: reason=unstable_if action=reinterpret pc=0x0000000002e57760 method=com.android.dx.cf.code.BasicBlocker.addWorkIfNecessary(IZ)V @ 8
Event: 1.979 Thread 0x0000000016bdf800 Uncommon trap: reason=null_check action=make_not_entrant pc=0x0000000002ea33a0 method=com.android.dx.ssa.SsaRenamer.getLocalForNewReg(I)Lcom/android/dx/rop/code/LocalItem; @ 19
Event: 1.986 Thread 0x0000000016bdf800 Uncommon trap: reason=unstable_if action=reinterpret pc=0x0000000002ce2b38 method=java.util.BitSet.ensureCapacity(I)V @ 6
Event: 2.001 Thread 0x0000000016bde000 Uncommon trap: reason=unstable_if action=reinterpret pc=0x0000000002e99af8 method=com.android.dx.cf.code.Ropper.labelToResultIndex(I)I @ 34
Event: 2.365 Thread 0x0000000002890800 Uncommon trap: reason=unstable_if action=reinterpret pc=0x0000000002f01784 method=com.android.dx.rop.code.RegisterSpec.equals(ILcom/android/dx/rop/type/TypeBearer;Lcom/android/dx/rop/code/LocalItem;)Z @ 42

Internal exceptions (3 events):
Event: 0.050 Thread 0x0000000002890800 Exception <a 'java/lang/NoSuchMethodError': Method sun.misc.Unsafe.defineClass(Ljava/lang/String;[BII)Ljava/lang/Class; name or signature does not match> (0x00000000eab07cc0) thrown at [D:\re\workspace\8-2-build-windows-amd64-cygwin\jdk8u92\6642\hotspot\srÊ9´Æ¶©?
Event: 0.050 Thread 0x0000000002890800 Exception <a 'java/lang/NoSuchMethodError': Method sun.misc.Unsafe.prefetchRead(Ljava/lang/Object;J)V name or signature does not match> (0x00000000eab07fa8) thrown at [D:\re\workspace\8-2-build-windows-amd64-cygwin\jdk8u92\6642\hotspot\src\share\vm\prims\jÑ[†IÝ«ÿ?
Event: 1.979 Thread 0x0000000016bdf800 Implicit null exception at 0x0000000002ea13de to 0x0000000002ea3381

Events (10 events):
Event: 2.269 Thread 0x0000000016b37800 DEOPT UNPACKING pc=0x0000000002ad787f sp=0x00000000170ae058 mode 0
Event: 2.361 loading class com/android/dx/dex/file/MethodAnnotationStruct
Event: 2.361 loading class com/android/dx/dex/file/MethodAnnotationStruct done
Event: 2.365 Thread 0x0000000002890800 Uncommon trap: trap_request=0xffffff65 fr.pc=0x0000000002f01784
Event: 2.365 Thread 0x0000000002890800 DEOPT PACKING pc=0x0000000002f01784 sp=0x000000000278ddb0
Event: 2.365 Thread 0x0000000002890800 DEOPT UNPACKING pc=0x0000000002ad582a sp=0x000000000278dd38 mode 2
Event: 2.426 Thread 0x0000000002890800 DEOPT PACKING pc=0x0000000002db5244 sp=0x000000000278de50
Event: 2.426 Thread 0x0000000002890800 DEOPT UNPACKING pc=0x0000000002ad787f sp=0x000000000278db78 mode 0
Event: 2.560 Thread 0x0000000016b37800 DEOPT PACKING pc=0x0000000002dd151f sp=0x00000000170ae5b0
Event: 2.560 Thread 0x0000000016b37800 DEOPT UNPACKING pc=0x0000000002ad787f sp=0x00000000170ae2a8 mode 0


Dynamic libraries:
0x00007ff798fa0000 - 0x00007ff798fd7000 	C:\Program Files\Java\jdk1.8.0_92\bin\java.exe
0x00007ffac2220000 - 0x00007ffac23e1000 	C:\WINDOWS\SYSTEM32\ntdll.dll
0x00007ffabfb80000 - 0x00007ffabfc2d000 	C:\WINDOWS\system32\KERNEL32.DLL
0x00007ffabec10000 - 0x00007ffabedf8000 	C:\WINDOWS\system32\KERNELBASE.dll
0x00007ffabfc30000 - 0x00007ffabfcd7000 	C:\WINDOWS\system32\ADVAPI32.dll
0x00007ffac1e90000 - 0x00007ffac1f2d000 	C:\WINDOWS\system32\msvcrt.dll
0x00007ffac0110000 - 0x00007ffac016b000 	C:\WINDOWS\system32\sechost.dll
0x00007ffac1bb0000 - 0x00007ffac1ccc000 	C:\WINDOWS\system32\RPCRT4.dll
0x00007ffac2000000 - 0x00007ffac2156000 	C:\WINDOWS\system32\USER32.dll
0x00007ffabf8b0000 - 0x00007ffabfa36000 	C:\WINDOWS\system32\GDI32.dll
0x00007ffab69b0000 - 0x00007ffab6c24000 	C:\WINDOWS\WinSxS\amd64_microsoft.windows.common-controls_6595b64144ccf1df_6.0.10586.494_none_a2d8b04ea53e3145\COMCTL32.dll
0x00007ffabf630000 - 0x00007ffabf8ad000 	C:\WINDOWS\system32\combase.dll
0x00007ffabee90000 - 0x00007ffabeefa000 	C:\WINDOWS\system32\bcryptPrimitives.dll
0x00007ffac0170000 - 0x00007ffac01ab000 	C:\WINDOWS\system32\IMM32.DLL
0x0000000071130000 - 0x0000000071202000 	C:\Program Files\Java\jdk1.8.0_92\jre\bin\msvcr100.dll
0x0000000071240000 - 0x0000000071ad6000 	C:\Program Files\Java\jdk1.8.0_92\jre\bin\server\jvm.dll
0x00007ffabf620000 - 0x00007ffabf628000 	C:\WINDOWS\system32\PSAPI.DLL
0x00007ffabcbf0000 - 0x00007ffabcc13000 	C:\WINDOWS\SYSTEM32\WINMM.dll
0x00007ffaa8440000 - 0x00007ffaa8449000 	C:\WINDOWS\SYSTEM32\WSOCK32.dll
0x00007ffab3c10000 - 0x00007ffab3c1a000 	C:\WINDOWS\SYSTEM32\VERSION.dll
0x00007ffac01b0000 - 0x00007ffac021b000 	C:\WINDOWS\system32\WS2_32.dll
0x0000000000e50000 - 0x0000000000e7c000 	C:\WINDOWS\SYSTEM32\WINMMBASE.dll
0x00007ffabe930000 - 0x00007ffabe973000 	C:\WINDOWS\system32\cfgmgr32.dll
0x0000000073170000 - 0x000000007317f000 	C:\Program Files\Java\jdk1.8.0_92\jre\bin\verify.dll
0x0000000072d00000 - 0x0000000072d29000 	C:\Program Files\Java\jdk1.8.0_92\jre\bin\java.dll
0x0000000072ce0000 - 0x0000000072cf6000 	C:\Program Files\Java\jdk1.8.0_92\jre\bin\zip.dll
0x00007ffac0450000 - 0x00007ffac19ac000 	C:\WINDOWS\system32\SHELL32.dll
0x00007ffabefb0000 - 0x00007ffabf5f5000 	C:\WINDOWS\system32\windows.storage.dll
0x00007ffac21c0000 - 0x00007ffac2212000 	C:\WINDOWS\system32\shlwapi.dll
0x00007ffabe8a0000 - 0x00007ffabe8af000 	C:\WINDOWS\system32\kernel.appcore.dll
0x00007ffabeb50000 - 0x00007ffabec05000 	C:\WINDOWS\system32\shcore.dll
0x00007ffabe840000 - 0x00007ffabe88b000 	C:\WINDOWS\system32\powrprof.dll
0x00007ffabe8b0000 - 0x00007ffabe8c4000 	C:\WINDOWS\system32\profapi.dll

VM Arguments:
jvm_args: -Djava.awt.headless=true -Xmx1024M -Dfile.encoding=windows-1252 -Duser.country=US -Duser.language=en -Duser.variant 
java_command: com.android.dx.command.Main --dex --force-jumbo --num-threads=4 --multi-dex --output C:\Users\WMS_12\Desktop\version\whiteboard12 - 727 - problem with alljoyn\app\build\intermediates\transforms\dex\debug\folders\1000\5\slice_9 C:\Users\WMS_12\Desktop\version\whiteboard12 - 727 - problem with alljoyn\app\build\intermediates\transforms\instantRunSlicer\debug\folders\1\5\slice_9
java_class_path (initial): C:\Users\WMS_12\AppData\Local\Android\sdk\build-tools\24.0.1\lib\dx.jar
Launcher Type: SUN_STANDARD

Environment Variables:
CLASSPATH=.;%JAVA_HOME%\lib\dt.jar;%JAVA_HOME%\lib\tools.jar
PATH=C:\Program Files\Java\jdk1.8.0_92\bin;C:\Program Files (x86)\MySQL\MySQL Fabric 1.5 & MySQL Utilities 1.5\;C:\Program Files (x86)\MySQL\MySQL Fabric 1.5 & MySQL Utilities 1.5\Doctrine extensions for PHP\;C:\Program Files\Git\cmd
USERNAME=WMS_12
OS=Windows_NT
PROCESSOR_IDENTIFIER=Intel64 Family 6 Model 60 Stepping 3, GenuineIntel



---------------  S Y S T E M  ---------------

OS: Windows 10.0 , 64 bit Build 10586 (10.0.10586.0)

CPU:total 4 (2 cores per cpu, 2 threads per core) family 6 model 60 stepping 3, cmov, cx8, fxsr, mmx, sse, sse2, sse3, ssse3, sse4.1, sse4.2, popcnt, avx, avx2, aes, clmul, erms, lzcnt, ht, tsc, tscinvbit, bmi1, bmi2

Memory: 4k page, physical 8312532k(1267140k free), swap 12506836k(18672k free)

vm_info: Java HotSpot(TM) 64-Bit Server VM (25.92-b14) for windows-amd64 JRE (1.8.0_92-b14), built on Mar 31 2016 21:03:04 by "java_re" with MS VC++ 10.0 (VS2010)

time: Thu Aug 04 17:13:17 2016
elapsed time: 2 seconds (0d 0h 0m 2s)

