#
# There is insufficient memory for the Java Runtime Environment to continue.
# Native memory allocation (malloc) failed to allocate 88656 bytes for Chunk::new
# Possible reasons:
#   The system is out of physical RAM or swap space
#   In 32 bit mode, the process size limit was hit
# Possible solutions:
#   Reduce memory load on the system
#   Increase physical memory or swap space
#   Check if swap backing store is full
#   Use 64 bit Java on a 64 bit OS
#   Decrease Java heap size (-Xmx/-Xms)
#   Decrease number of Java threads
#   Decrease Java thread stack sizes (-Xss)
#   Set larger code cache with -XX:ReservedCodeCacheSize=
# This output file may be truncated or incomplete.
#
#  Out of Memory Error (allocation.cpp:390), pid=12240, tid=0x000000000000333c
#
# JRE version: Java(TM) SE Runtime Environment (8.0_92-b14) (build 1.8.0_92-b14)
# Java VM: Java HotSpot(TM) 64-Bit Server VM (25.92-b14 mixed mode windows-amd64 compressed oops)
# Failed to write core dump. Minidumps are not enabled by default on client versions of Windows
#

---------------  T H R E A D  ---------------

Current thread (0x00000000151a1000):  JavaThread "C2 CompilerThread1" daemon [_thread_in_native, id=13116, stack(0x00000000167c0000,0x00000000168c0000)]

Stack: [0x00000000167c0000,0x00000000168c0000]
[error occurred during error reporting (printing stack bounds), id 0xc0000005]

Native frames: (J=compiled Java code, j=interpreted, Vv=VM code, C=native code)


Current CompileTask:
C2:  19137 2503       4       com.android.dx.dex.code.OutputFinisher::addConstants (93 bytes)


---------------  P R O C E S S  ---------------

Java Threads: ( => current thread )
  0x0000000016b00800 JavaThread "pool-1-thread-1" [_thread_in_Java, id=13256, stack(0x0000000018c90000,0x0000000018d90000)]
  0x00000000169c1800 JavaThread "Service Thread" daemon [_thread_blocked, id=5668, stack(0x0000000016dc0000,0x0000000016ec0000)]
  0x00000000151ac000 JavaThread "C1 CompilerThread2" daemon [_thread_blocked, id=12616, stack(0x00000000168c0000,0x00000000169c0000)]
=>0x00000000151a1000 JavaThread "C2 CompilerThread1" daemon [_thread_in_native, id=13116, stack(0x00000000167c0000,0x00000000168c0000)]
  0x0000000015158000 JavaThread "C2 CompilerThread0" daemon [_thread_in_native, id=4248, stack(0x00000000166c0000,0x00000000167c0000)]
  0x0000000015156000 JavaThread "Attach Listener" daemon [_thread_blocked, id=12780, stack(0x00000000165c0000,0x00000000166c0000)]
  0x0000000015155000 JavaThread "Signal Dispatcher" daemon [_thread_blocked, id=15656, stack(0x00000000164c0000,0x00000000165c0000)]
  0x000000001513a800 JavaThread "Finalizer" daemon [_thread_blocked, id=832, stack(0x00000000163c0000,0x00000000164c0000)]
  0x0000000002a6f000 JavaThread "Reference Handler" daemon [_thread_blocked, id=12392, stack(0x00000000162c0000,0x00000000163c0000)]
  0x0000000002980800 JavaThread "main" [_thread_blocked, id=9552, stack(0x0000000002880000,0x0000000002980000)]

Other Threads:
  0x0000000015118000 VMThread [stack: 0x00000000161c0000,0x00000000162c0000] [id=10476]
  0x00000000169ca800 WatcherThread [stack: 0x0000000016ec0000,0x0000000016fc0000] [id=15356]

VM state:not at safepoint (normal execution)

VM Mutex/Monitor currently owned by a thread: None

Heap:
 PSYoungGen      total 238592K, used 153660K [0x00000000eab00000, 0x0000000100000000, 0x0000000100000000)
  eden space 192000K, 55% used [0x00000000eab00000,0x00000000f1393f98,0x00000000f6680000)
  from space 46592K, 99% used [0x00000000f6680000,0x00000000f93fb2c0,0x00000000f9400000)
  to   space 62464K, 0% used [0x00000000fc300000,0x00000000fc300000,0x0000000100000000)
 ParOldGen       total 108544K, used 75224K [0x00000000c0000000, 0x00000000c6a00000, 0x00000000eab00000)
  object space 108544K, 69% used [0x00000000c0000000,0x00000000c4976340,0x00000000c6a00000)
 Metaspace       used 6213K, capacity 7216K, committed 7296K, reserved 1056768K
  class space    used 594K, capacity 616K, committed 640K, reserved 1048576K

Card table byte_map: [0x0000000011e40000,0x0000000012050000] byte_map_base: 0x0000000011840000

Marking Bits: (ParMarkBitMap*) 0x0000000071a564f0
 Begin Bits: [0x00000000125b0000, 0x00000000135b0000)
 End Bits:   [0x00000000135b0000, 0x00000000145b0000)

Polling page: 0x0000000000e90000

CodeCache: size=245760Kb used=10164Kb max_used=10176Kb free=235595Kb
 bounds [0x0000000002a80000, 0x0000000003480000, 0x0000000011a80000]
 total_blobs=2192 nmethods=1929 adapters=175
 compilation: enabled

Compilation events (10 events):
Event: 19.092 Thread 0x00000000151ac000 nmethod 2499 0x000000000346f0d0 code [0x000000000346f240, 0x000000000346f3e8]
Event: 19.094 Thread 0x00000000151ac000 2500       3       com.android.dx.dex.code.OutputFinisher::addConstants (93 bytes)
Event: 19.095 Thread 0x00000000151ac000 nmethod 2500 0x000000000346da90 code [0x000000000346dcc0, 0x000000000346eba8]
Event: 19.100 Thread 0x00000000151ac000 2501  s    3       com.android.dx.dex.file.StringIdsSection::intern (53 bytes)
Event: 19.101 Thread 0x00000000151ac000 nmethod 2501 0x0000000003478c50 code [0x0000000003478e20, 0x0000000003479798]
Event: 19.101 Thread 0x0000000015158000 nmethod 2496 0x0000000003479b50 code [0x0000000003479d20, 0x000000000347a630]
Event: 19.102 Thread 0x00000000151ac000 2502       3       com.android.dx.dex.file.DebugInfoItem::<init> (36 bytes)
Event: 19.102 Thread 0x00000000151a1000 2503       4       com.android.dx.dex.code.OutputFinisher::addConstants (93 bytes)
Event: 19.102 Thread 0x00000000151ac000 nmethod 2502 0x000000000346d510 code [0x000000000346d680, 0x000000000346d978]
Event: 19.107 Thread 0x0000000015158000 2504       4       com.android.dx.dex.code.OutputFinisher::addConstants (68 bytes)

GC Heap History (10 events):
Event: 6.678 GC heap before
{Heap before GC invocations=4 (full 0):
 PSYoungGen      total 71680K, used 71649K [0x00000000eab00000, 0x00000000f3700000, 0x0000000100000000)
  eden space 66560K, 100% used [0x00000000eab00000,0x00000000eec00000,0x00000000eec00000)
  from space 5120K, 99% used [0x00000000eec00000,0x00000000ef0f8590,0x00000000ef100000)
  to   space 5120K, 0% used [0x00000000f3200000,0x00000000f3200000,0x00000000f3700000)
 ParOldGen       total 87552K, used 38868K [0x00000000c0000000, 0x00000000c5580000, 0x00000000eab00000)
  object space 87552K, 44% used [0x00000000c0000000,0x00000000c25f50c8,0x00000000c5580000)
 Metaspace       used 5932K, capacity 7024K, committed 7296K, reserved 1056768K
  class space    used 585K, capacity 616K, committed 640K, reserved 1048576K
Event: 7.628 GC heap after
Heap after GC invocations=4 (full 0):
 PSYoungGen      total 138240K, used 5108K [0x00000000eab00000, 0x00000000f3700000, 0x0000000100000000)
  eden space 133120K, 0% used [0x00000000eab00000,0x00000000eab00000,0x00000000f2d00000)
  from space 5120K, 99% used [0x00000000f3200000,0x00000000f36fd0b0,0x00000000f3700000)
  to   space 5120K, 0% used [0x00000000f2d00000,0x00000000f2d00000,0x00000000f3200000)
 ParOldGen       total 87552K, used 61103K [0x00000000c0000000, 0x00000000c5580000, 0x00000000eab00000)
  object space 87552K, 69% used [0x00000000c0000000,0x00000000c3babc50,0x00000000c5580000)
 Metaspace       used 5932K, capacity 7024K, committed 7296K, reserved 1056768K
  class space    used 585K, capacity 616K, committed 640K, reserved 1048576K
}
Event: 7.628 GC heap before
{Heap before GC invocations=5 (full 1):
 PSYoungGen      total 138240K, used 5108K [0x00000000eab00000, 0x00000000f3700000, 0x0000000100000000)
  eden space 133120K, 0% used [0x00000000eab00000,0x00000000eab00000,0x00000000f2d00000)
  from space 5120K, 99% used [0x00000000f3200000,0x00000000f36fd0b0,0x00000000f3700000)
  to   space 5120K, 0% used [0x00000000f2d00000,0x00000000f2d00000,0x00000000f3200000)
 ParOldGen       total 87552K, used 61103K [0x00000000c0000000, 0x00000000c5580000, 0x00000000eab00000)
  object space 87552K, 69% used [0x00000000c0000000,0x00000000c3babc50,0x00000000c5580000)
 Metaspace       used 5932K, capacity 7024K, committed 7296K, reserved 1056768K
  class space    used 585K, capacity 616K, committed 640K, reserved 1048576K
Event: 9.752 GC heap after
Heap after GC invocations=5 (full 1):
 PSYoungGen      total 138240K, used 0K [0x00000000eab00000, 0x00000000f3700000, 0x0000000100000000)
  eden space 133120K, 0% used [0x00000000eab00000,0x00000000eab00000,0x00000000f2d00000)
  from space 5120K, 0% used [0x00000000f3200000,0x00000000f3200000,0x00000000f3700000)
  to   space 5120K, 0% used [0x00000000f2d00000,0x00000000f2d00000,0x00000000f3200000)
 ParOldGen       total 108544K, used 30635K [0x00000000c0000000, 0x00000000c6a00000, 0x00000000eab00000)
  object space 108544K, 28% used [0x00000000c0000000,0x00000000c1deaca0,0x00000000c6a00000)
 Metaspace       used 5932K, capacity 7024K, committed 7296K, reserved 1056768K
  class space    used 585K, capacity 616K, committed 640K, reserved 1048576K
}
Event: 13.202 GC heap before
{Heap before GC invocations=6 (full 1):
 PSYoungGen      total 138240K, used 133120K [0x00000000eab00000, 0x00000000f3700000, 0x0000000100000000)
  eden space 133120K, 100% used [0x00000000eab00000,0x00000000f2d00000,0x00000000f2d00000)
  from space 5120K, 0% used [0x00000000f3200000,0x00000000f3200000,0x00000000f3700000)
  to   space 5120K, 0% used [0x00000000f2d00000,0x00000000f2d00000,0x00000000f3200000)
 ParOldGen       total 108544K, used 30635K [0x00000000c0000000, 0x00000000c6a00000, 0x00000000eab00000)
  object space 108544K, 28% used [0x00000000c0000000,0x00000000c1deaca0,0x00000000c6a00000)
 Metaspace       used 6033K, capacity 7088K, committed 7296K, reserved 1056768K
  class space    used 586K, capacity 616K, committed 640K, reserved 1048576K
Event: 13.484 GC heap after
Heap after GC invocations=6 (full 1):
 PSYoungGen      total 138240K, used 5088K [0x00000000eab00000, 0x00000000fb900000, 0x0000000100000000)
  eden space 133120K, 0% used [0x00000000eab00000,0x00000000eab00000,0x00000000f2d00000)
  from space 5120K, 99% used [0x00000000f2d00000,0x00000000f31f81b8,0x00000000f3200000)
  to   space 37888K, 0% used [0x00000000f9400000,0x00000000f9400000,0x00000000fb900000)
 ParOldGen       total 108544K, used 54622K [0x00000000c0000000, 0x00000000c6a00000, 0x00000000eab00000)
  object space 108544K, 50% used [0x00000000c0000000,0x00000000c3557b70,0x00000000c6a00000)
 Metaspace       used 6033K, capacity 7088K, committed 7296K, reserved 1056768K
  class space    used 586K, capacity 616K, committed 640K, reserved 1048576K
}
Event: 15.360 GC heap before
{Heap before GC invocations=7 (full 1):
 PSYoungGen      total 138240K, used 138208K [0x00000000eab00000, 0x00000000fb900000, 0x0000000100000000)
  eden space 133120K, 100% used [0x00000000eab00000,0x00000000f2d00000,0x00000000f2d00000)
  from space 5120K, 99% used [0x00000000f2d00000,0x00000000f31f81b8,0x00000000f3200000)
  to   space 37888K, 0% used [0x00000000f9400000,0x00000000f9400000,0x00000000fb900000)
 ParOldGen       total 108544K, used 54622K [0x00000000c0000000, 0x00000000c6a00000, 0x00000000eab00000)
  object space 108544K, 50% used [0x00000000c0000000,0x00000000c3557b70,0x00000000c6a00000)
 Metaspace       used 6068K, capacity 7088K, committed 7296K, reserved 1056768K
  class space    used 586K, capacity 616K, committed 640K, reserved 1048576K
Event: 15.561 GC heap after
Heap after GC invocations=7 (full 1):
 PSYoungGen      total 229888K, used 37856K [0x00000000eab00000, 0x00000000fc500000, 0x0000000100000000)
  eden space 192000K, 0% used [0x00000000eab00000,0x00000000eab00000,0x00000000f6680000)
  from space 37888K, 99% used [0x00000000f9400000,0x00000000fb8f8208,0x00000000fb900000)
  to   space 46592K, 0% used [0x00000000f6680000,0x00000000f6680000,0x00000000f9400000)
 ParOldGen       total 108544K, used 58972K [0x00000000c0000000, 0x00000000c6a00000, 0x00000000eab00000)
  object space 108544K, 54% used [0x00000000c0000000,0x00000000c39971d8,0x00000000c6a00000)
 Metaspace       used 6068K, capacity 7088K, committed 7296K, reserved 1056768K
  class space    used 586K, capacity 616K, committed 640K, reserved 1048576K
}
Event: 17.411 GC heap before
{Heap before GC invocations=8 (full 1):
 PSYoungGen      total 229888K, used 229856K [0x00000000eab00000, 0x00000000fc500000, 0x0000000100000000)
  eden space 192000K, 100% used [0x00000000eab00000,0x00000000f6680000,0x00000000f6680000)
  from space 37888K, 99% used [0x00000000f9400000,0x00000000fb8f8208,0x00000000fb900000)
  to   space 46592K, 0% used [0x00000000f6680000,0x00000000f6680000,0x00000000f9400000)
 ParOldGen       total 108544K, used 58972K [0x00000000c0000000, 0x00000000c6a00000, 0x00000000eab00000)
  object space 108544K, 54% used [0x00000000c0000000,0x00000000c39971d8,0x00000000c6a00000)
 Metaspace       used 6116K, capacity 7152K, committed 7296K, reserved 1056768K
  class space    used 587K, capacity 616K, committed 640K, reserved 1048576K
Event: 17.654 GC heap after
Heap after GC invocations=8 (full 1):
 PSYoungGen      total 238592K, used 46572K [0x00000000eab00000, 0x0000000100000000, 0x0000000100000000)
  eden space 192000K, 0% used [0x00000000eab00000,0x00000000eab00000,0x00000000f6680000)
  from space 46592K, 99% used [0x00000000f6680000,0x00000000f93fb2c0,0x00000000f9400000)
  to   space 62464K, 0% used [0x00000000fc300000,0x00000000fc300000,0x0000000100000000)
 ParOldGen       total 108544K, used 75224K [0x00000000c0000000, 0x00000000c6a00000, 0x00000000eab00000)
  object space 108544K, 69% used [0x00000000c0000000,0x00000000c4976340,0x00000000c6a00000)
 Metaspace       used 6116K, capacity 7152K, committed 7296K, reserved 1056768K
  class space    used 587K, capacity 616K, committed 640K, reserved 1048576K
}

Deoptimization events (10 events):
Event: 18.118 Thread 0x0000000016af4000 Uncommon trap: reason=unstable_if action=reinterpret pc=0x0000000002f2f57c method=com.android.dx.dex.code.RopTranslator.pickOrder()V @ 164
Event: 18.852 Thread 0x0000000016b00800 Uncommon trap: reason=class_check action=maybe_recompile pc=0x0000000002eb5568 method=java.util.Arrays.hashCode([Ljava/lang/Object;)I @ 43
Event: 18.852 Thread 0x0000000016b00800 Uncommon trap: reason=class_check action=maybe_recompile pc=0x0000000002eb5568 method=java.util.Arrays.hashCode([Ljava/lang/Object;)I @ 43
Event: 18.853 Thread 0x0000000016b00800 Uncommon trap: reason=class_check action=maybe_recompile pc=0x0000000002eb5568 method=java.util.Arrays.hashCode([Ljava/lang/Object;)I @ 43
Event: 18.853 Thread 0x0000000016b00800 Uncommon trap: reason=class_check action=maybe_recompile pc=0x0000000002eb5568 method=java.util.Arrays.hashCode([Ljava/lang/Object;)I @ 43
Event: 18.890 Thread 0x0000000016b00800 Uncommon trap: reason=class_check action=maybe_recompile pc=0x00000000030bafa0 method=java.util.HashMap.putVal(ILjava/lang/Object;Ljava/lang/Object;ZZ)Ljava/lang/Object; @ 203
Event: 18.895 Thread 0x0000000016b00800 Uncommon trap: reason=class_check action=maybe_recompile pc=0x0000000002f965c4 method=java.util.HashMap.putVal(ILjava/lang/Object;Ljava/lang/Object;ZZ)Ljava/lang/Object; @ 203
Event: 18.906 Thread 0x0000000016b00800 Uncommon trap: reason=unstable_if action=reinterpret pc=0x0000000002e7578c method=java.util.HashMap.putVal(ILjava/lang/Object;Ljava/lang/Object;ZZ)Ljava/lang/Object; @ 94
Event: 18.979 Thread 0x0000000016b00800 Uncommon trap: reason=unstable_if action=reinterpret pc=0x0000000003466d78 method=com.android.dx.dex.code.OutputFinisher.addConstants(Ljava/util/HashSet;Lcom/android/dx/rop/code/RegisterSpec;)V @ 57
Event: 19.094 Thread 0x0000000016b00800 Uncommon trap: reason=unstable_if action=reinterpret pc=0x0000000003471da4 method=com.android.dx.dex.code.OutputFinisher.addConstants(Ljava/util/HashSet;Lcom/android/dx/rop/code/RegisterSpec;)V @ 57

Internal exceptions (3 events):
Event: 0.041 Thread 0x0000000002980800 Exception <a 'java/lang/NoSuchMethodError': Method sun.misc.Unsafe.defineClass(Ljava/lang/String;[BII)Ljava/lang/Class; name or signature does not match> (0x00000000eab07cc0) thrown at [D:\re\workspace\8-2-build-windows-amd64-cygwin\jdk8u92\6642\hotspot\sr¼×%‡ŠÈ¤?
Event: 0.041 Thread 0x0000000002980800 Exception <a 'java/lang/NoSuchMethodError': Method sun.misc.Unsafe.prefetchRead(Ljava/lang/Object;J)V name or signature does not match> (0x00000000eab07fa8) thrown at [D:\re\workspace\8-2-build-windows-amd64-cygwin\jdk8u92\6642\hotspot\src\share\vm\prims\j/?#Æê?
Event: 0.837 Thread 0x0000000016bbb800 Implicit null exception at 0x0000000002d34ca0 to 0x0000000002d36361

Events (10 events):
Event: 18.929 loading class com/android/dx/dex/file/CatchStructs
Event: 18.929 loading class com/android/dx/dex/file/CatchStructs done
Event: 18.979 Thread 0x0000000016b00800 Uncommon trap: trap_request=0xffffff65 fr.pc=0x0000000003466d78
Event: 18.979 Thread 0x0000000016b00800 DEOPT PACKING pc=0x0000000003466d78 sp=0x0000000018d8efd0
Event: 18.979 Thread 0x0000000016b00800 DEOPT UNPACKING pc=0x0000000002ac582a sp=0x0000000018d8efa8 mode 2
Event: 19.084 Thread 0x0000000016b00800 DEOPT PACKING pc=0x0000000003455a21 sp=0x0000000018d8f100
Event: 19.084 Thread 0x0000000016b00800 DEOPT UNPACKING pc=0x0000000002ac787f sp=0x0000000018d8ee90 mode 0
Event: 19.094 Thread 0x0000000016b00800 Uncommon trap: trap_request=0xffffff65 fr.pc=0x0000000003471da4
Event: 19.094 Thread 0x0000000016b00800 DEOPT PACKING pc=0x0000000003471da4 sp=0x0000000018d8f0a0
Event: 19.094 Thread 0x0000000016b00800 DEOPT UNPACKING pc=0x0000000002ac582a sp=0x0000000018d8f040 mode 2


Dynamic libraries:
0x00007ff798fa0000 - 0x00007ff798fd7000 	C:\Program Files\Java\jdk1.8.0_92\bin\java.exe
0x00007ffac2220000 - 0x00007ffac23e1000 	C:\WINDOWS\SYSTEM32\ntdll.dll
0x00007ffabfb80000 - 0x00007ffabfc2d000 	C:\WINDOWS\system32\KERNEL32.DLL
0x00007ffabec10000 - 0x00007ffabedf8000 	C:\WINDOWS\system32\KERNELBASE.dll
0x00007ffabfc30000 - 0x00007ffabfcd7000 	C:\WINDOWS\system32\ADVAPI32.dll
0x00007ffac1e90000 - 0x00007ffac1f2d000 	C:\WINDOWS\system32\msvcrt.dll
0x00007ffac0110000 - 0x00007ffac016b000 	C:\WINDOWS\system32\sechost.dll
0x00007ffac1bb0000 - 0x00007ffac1ccc000 	C:\WINDOWS\system32\RPCRT4.dll
0x00007ffac2000000 - 0x00007ffac2156000 	C:\WINDOWS\system32\USER32.dll
0x00007ffabf8b0000 - 0x00007ffabfa36000 	C:\WINDOWS\system32\GDI32.dll
0x00007ffab69b0000 - 0x00007ffab6c24000 	C:\WINDOWS\WinSxS\amd64_microsoft.windows.common-controls_6595b64144ccf1df_6.0.10586.494_none_a2d8b04ea53e3145\COMCTL32.dll
0x00007ffabf630000 - 0x00007ffabf8ad000 	C:\WINDOWS\system32\combase.dll
0x00007ffabee90000 - 0x00007ffabeefa000 	C:\WINDOWS\system32\bcryptPrimitives.dll
0x00007ffac0170000 - 0x00007ffac01ab000 	C:\WINDOWS\system32\IMM32.DLL
0x0000000071130000 - 0x0000000071202000 	C:\Program Files\Java\jdk1.8.0_92\jre\bin\msvcr100.dll
0x0000000071240000 - 0x0000000071ad6000 	C:\Program Files\Java\jdk1.8.0_92\jre\bin\server\jvm.dll
0x00007ffabf620000 - 0x00007ffabf628000 	C:\WINDOWS\system32\PSAPI.DLL
0x00007ffaa8440000 - 0x00007ffaa8449000 	C:\WINDOWS\SYSTEM32\WSOCK32.dll
0x00007ffabcbf0000 - 0x00007ffabcc13000 	C:\WINDOWS\SYSTEM32\WINMM.dll
0x00007ffab3c10000 - 0x00007ffab3c1a000 	C:\WINDOWS\SYSTEM32\VERSION.dll
0x00007ffac01b0000 - 0x00007ffac021b000 	C:\WINDOWS\system32\WS2_32.dll
0x00007ffabcbc0000 - 0x00007ffabcbec000 	C:\WINDOWS\SYSTEM32\WINMMBASE.dll
0x00007ffabe930000 - 0x00007ffabe973000 	C:\WINDOWS\system32\cfgmgr32.dll
0x0000000073170000 - 0x000000007317f000 	C:\Program Files\Java\jdk1.8.0_92\jre\bin\verify.dll
0x0000000072d00000 - 0x0000000072d29000 	C:\Program Files\Java\jdk1.8.0_92\jre\bin\java.dll
0x0000000072ce0000 - 0x0000000072cf6000 	C:\Program Files\Java\jdk1.8.0_92\jre\bin\zip.dll
0x00007ffac0450000 - 0x00007ffac19ac000 	C:\WINDOWS\system32\SHELL32.dll
0x00007ffabefb0000 - 0x00007ffabf5f5000 	C:\WINDOWS\system32\windows.storage.dll
0x00007ffac21c0000 - 0x00007ffac2212000 	C:\WINDOWS\system32\shlwapi.dll
0x00007ffabe8a0000 - 0x00007ffabe8af000 	C:\WINDOWS\system32\kernel.appcore.dll
0x00007ffabeb50000 - 0x00007ffabec05000 	C:\WINDOWS\system32\shcore.dll
0x00007ffabe840000 - 0x00007ffabe88b000 	C:\WINDOWS\system32\powrprof.dll
0x00007ffabe8b0000 - 0x00007ffabe8c4000 	C:\WINDOWS\system32\profapi.dll

VM Arguments:
jvm_args: -Djava.awt.headless=true -Xmx1024M -Dfile.encoding=windows-1252 -Duser.country=US -Duser.language=en -Duser.variant 
java_command: com.android.dx.command.Main --dex --force-jumbo --num-threads=4 --multi-dex --output C:\Users\WMS_12\Desktop\version\whiteboard12 - 727 - problem with alljoyn\app\build\intermediates\transforms\dex\debug\folders\1000\5\slice_9 C:\Users\WMS_12\Desktop\version\whiteboard12 - 727 - problem with alljoyn\app\build\intermediates\transforms\instantRunSlicer\debug\folders\1\5\slice_9
java_class_path (initial): C:\Users\WMS_12\AppData\Local\Android\sdk\build-tools\24.0.1\lib\dx.jar
Launcher Type: SUN_STANDARD

Environment Variables:
CLASSPATH=.;%JAVA_HOME%\lib\dt.jar;%JAVA_HOME%\lib\tools.jar
PATH=C:\Program Files\Java\jdk1.8.0_92\bin;C:\Program Files (x86)\MySQL\MySQL Fabric 1.5 & MySQL Utilities 1.5\;C:\Program Files (x86)\MySQL\MySQL Fabric 1.5 & MySQL Utilities 1.5\Doctrine extensions for PHP\;C:\Program Files\Git\cmd
USERNAME=WMS_12
OS=Windows_NT
PROCESSOR_IDENTIFIER=Intel64 Family 6 Model 60 Stepping 3, GenuineIntel



---------------  S Y S T E M  ---------------

OS: Windows 10.0 , 64 bit Build 10586 (10.0.10586.0)

CPU:total 4 (2 cores per cpu, 2 threads per core) family 6 model 60 stepping 3, cmov, cx8, fxsr, mmx, sse, sse2, sse3, ssse3, sse4.1, sse4.2, popcnt, avx, avx2, aes, clmul, erms, lzcnt, ht, tsc, tscinvbit, bmi1, bmi2

Memory: 4k page, physical 8312532k(1025804k free), swap 12506836k(3160k free)

vm_info: Java HotSpot(TM) 64-Bit Server VM (25.92-b14) for windows-amd64 JRE (1.8.0_92-b14), built on Mar 31 2016 21:03:04 by "java_re" with MS VC++ 10.0 (VS2010)

time: Fri Aug 05 10:54:32 2016
elapsed time: 19 seconds (0d 0h 0m 19s)

