#
# There is insufficient memory for the Java Runtime Environment to continue.
# Native memory allocation (malloc) failed to allocate 82480 bytes for Chunk::new
# Possible reasons:
#   The system is out of physical RAM or swap space
#   In 32 bit mode, the process size limit was hit
# Possible solutions:
#   Reduce memory load on the system
#   Increase physical memory or swap space
#   Check if swap backing store is full
#   Use 64 bit Java on a 64 bit OS
#   Decrease Java heap size (-Xmx/-Xms)
#   Decrease number of Java threads
#   Decrease Java thread stack sizes (-Xss)
#   Set larger code cache with -XX:ReservedCodeCacheSize=
# This output file may be truncated or incomplete.
#
#  Out of Memory Error (allocation.cpp:390), pid=1152, tid=0x00000000000028d8
#
# JRE version: Java(TM) SE Runtime Environment (8.0_92-b14) (build 1.8.0_92-b14)
# Java VM: Java HotSpot(TM) 64-Bit Server VM (25.92-b14 mixed mode windows-amd64 compressed oops)
# Failed to write core dump. Minidumps are not enabled by default on client versions of Windows
#

---------------  T H R E A D  ---------------

Current thread (0x00000000156f9000):  JavaThread "C2 CompilerThread0" daemon [_thread_in_native, id=10456, stack(0x0000000016d30000,0x0000000016e30000)]

Stack: [0x0000000016d30000,0x0000000016e30000]
[error occurred during error reporting (printing stack bounds), id 0xc0000005]

Native frames: (J=compiled Java code, j=interpreted, Vv=VM code, C=native code)


Current CompileTask:
C2:  19098 2983       4       com.android.dx.dex.code.LocalList$MakeState::snapshot (110 bytes)


---------------  P R O C E S S  ---------------

Java Threads: ( => current thread )
  0x00000000171ab000 JavaThread "pool-1-thread-1" [_thread_in_Java, id=15500, stack(0x0000000019300000,0x0000000019400000)]
  0x0000000016f3d000 JavaThread "Service Thread" daemon [_thread_blocked, id=8824, stack(0x0000000017430000,0x0000000017530000)]
  0x000000001574c000 JavaThread "C1 CompilerThread2" daemon [_thread_blocked, id=1928, stack(0x0000000017330000,0x0000000017430000)]
  0x00000000156fc000 JavaThread "C2 CompilerThread1" daemon [_thread_in_native, id=16004, stack(0x0000000016e30000,0x0000000016f30000)]
=>0x00000000156f9000 JavaThread "C2 CompilerThread0" daemon [_thread_in_native, id=10456, stack(0x0000000016d30000,0x0000000016e30000)]
  0x00000000156f7800 JavaThread "Attach Listener" daemon [_thread_blocked, id=13468, stack(0x0000000016c30000,0x0000000016d30000)]
  0x00000000156f6800 JavaThread "Signal Dispatcher" daemon [_thread_blocked, id=11376, stack(0x0000000016b30000,0x0000000016c30000)]
  0x00000000156da000 JavaThread "Finalizer" daemon [_thread_blocked, id=1944, stack(0x0000000016940000,0x0000000016a40000)]
  0x0000000003011000 JavaThread "Reference Handler" daemon [_thread_blocked, id=2484, stack(0x0000000016840000,0x0000000016940000)]
  0x0000000002f20800 JavaThread "main" [_thread_blocked, id=10444, stack(0x0000000002e20000,0x0000000002f20000)]

Other Threads:
  0x00000000156b7800 VMThread [stack: 0x0000000016740000,0x0000000016840000] [id=6084]
  0x0000000016f4e000 WatcherThread [stack: 0x0000000017530000,0x0000000017630000] [id=4988]

VM state:not at safepoint (normal execution)

VM Mutex/Monitor currently owned by a thread: None

Heap:
 PSYoungGen      total 290816K, used 132103K [0x00000000eab00000, 0x00000000fef00000, 0x0000000100000000)
  eden space 262144K, 40% used [0x00000000eab00000,0x00000000f134f160,0x00000000fab00000)
  from space 28672K, 88% used [0x00000000fcb00000,0x00000000fe3b2ab8,0x00000000fe700000)
  to   space 32768K, 0% used [0x00000000fab00000,0x00000000fab00000,0x00000000fcb00000)
 ParOldGen       total 87552K, used 44250K [0x00000000c0000000, 0x00000000c5580000, 0x00000000eab00000)
  object space 87552K, 50% used [0x00000000c0000000,0x00000000c2b36870,0x00000000c5580000)
 Metaspace       used 6962K, capacity 7608K, committed 7936K, reserved 1056768K
  class space    used 645K, capacity 688K, committed 768K, reserved 1048576K

Card table byte_map: [0x00000000123e0000,0x00000000125f0000] byte_map_base: 0x0000000011de0000

Marking Bits: (ParMarkBitMap*) 0x0000000071a564f0
 Begin Bits: [0x0000000012b50000, 0x0000000013b50000)
 End Bits:   [0x0000000013b50000, 0x0000000014b50000)

Polling page: 0x0000000002dc0000

CodeCache: size=245760Kb used=13733Kb max_used=13733Kb free=232026Kb
 bounds [0x0000000003020000, 0x0000000003da0000, 0x0000000012020000]
 total_blobs=3135 nmethods=2864 adapters=183
 compilation: enabled

Compilation events (10 events):
Event: 19.023 Thread 0x000000001574c000 3065       2       com.android.dx.dex.file.DebugInfoEncoder::emitLocalStartExtended (103 bytes)
Event: 19.024 Thread 0x000000001574c000 nmethod 3065 0x0000000003d832d0 code [0x0000000003d834e0, 0x0000000003d83af8]
Event: 19.024 Thread 0x000000001574c000 3066       2       com.android.dx.dex.code.SwitchData::codeSize (27 bytes)
Event: 19.024 Thread 0x000000001574c000 nmethod 3066 0x0000000003d84150 code [0x0000000003d842c0, 0x0000000003d84488]
Event: 19.025 Thread 0x000000001574c000 3067 %     3       com.android.dx.dex.file.DebugInfoEncoder::emitHeader @ 483 (530 bytes)
Event: 19.029 Thread 0x000000001574c000 nmethod 3067% 0x0000000003d84550 code [0x0000000003d84ba0, 0x0000000003d89588]
Event: 19.034 Thread 0x000000001574c000 3068       3       com.android.dx.dex.file.DebugInfoEncoder::emitHeader (530 bytes)
Event: 19.037 Thread 0x000000001574c000 nmethod 3068 0x0000000003d8c310 code [0x0000000003d8c940, 0x0000000003d91268]
Event: 19.037 Thread 0x000000001574c000 3069 %     3       com.android.dx.dex.file.DebugInfoEncoder::buildSortedPositions @ 30 (68 bytes)
Event: 19.038 Thread 0x000000001574c000 nmethod 3069% 0x0000000003d93f10 code [0x0000000003d94140, 0x0000000003d94f18]

GC Heap History (10 events):
Event: 2.968 GC heap before
{Heap before GC invocations=2 (full 0):
 PSYoungGen      total 38400K, used 38330K [0x00000000eab00000, 0x00000000ef600000, 0x0000000100000000)
  eden space 33280K, 100% used [0x00000000eab00000,0x00000000ecb80000,0x00000000ecb80000)
  from space 5120K, 98% used [0x00000000ecb80000,0x00000000ed06ea50,0x00000000ed080000)
  to   space 5120K, 0% used [0x00000000ef100000,0x00000000ef100000,0x00000000ef600000)
 ParOldGen       total 87552K, used 16K [0x00000000c0000000, 0x00000000c5580000, 0x00000000eab00000)
  object space 87552K, 0% used [0x00000000c0000000,0x00000000c0004000,0x00000000c5580000)
 Metaspace       used 6153K, capacity 7026K, committed 7296K, reserved 1056768K
  class space    used 603K, capacity 618K, committed 640K, reserved 1048576K
Event: 3.191 GC heap after
Heap after GC invocations=2 (full 0):
 PSYoungGen      total 71680K, used 5107K [0x00000000eab00000, 0x00000000ef600000, 0x0000000100000000)
  eden space 66560K, 0% used [0x00000000eab00000,0x00000000eab00000,0x00000000eec00000)
  from space 5120K, 99% used [0x00000000ef100000,0x00000000ef5fcf88,0x00000000ef600000)
  to   space 5120K, 0% used [0x00000000eec00000,0x00000000eec00000,0x00000000ef100000)
 ParOldGen       total 87552K, used 3117K [0x00000000c0000000, 0x00000000c5580000, 0x00000000eab00000)
  object space 87552K, 3% used [0x00000000c0000000,0x00000000c030b508,0x00000000c5580000)
 Metaspace       used 6153K, capacity 7026K, committed 7296K, reserved 1056768K
  class space    used 603K, capacity 618K, committed 640K, reserved 1048576K
}
Event: 6.645 GC heap before
{Heap before GC invocations=3 (full 0):
 PSYoungGen      total 71680K, used 71667K [0x00000000eab00000, 0x00000000ef600000, 0x0000000100000000)
  eden space 66560K, 100% used [0x00000000eab00000,0x00000000eec00000,0x00000000eec00000)
  from space 5120K, 99% used [0x00000000ef100000,0x00000000ef5fcf88,0x00000000ef600000)
  to   space 5120K, 0% used [0x00000000eec00000,0x00000000eec00000,0x00000000ef100000)
 ParOldGen       total 87552K, used 3117K [0x00000000c0000000, 0x00000000c5580000, 0x00000000eab00000)
  object space 87552K, 3% used [0x00000000c0000000,0x00000000c030b508,0x00000000c5580000)
 Metaspace       used 6263K, capacity 7090K, committed 7296K, reserved 1056768K
  class space    used 604K, capacity 618K, committed 640K, reserved 1048576K
Event: 6.711 GC heap after
Heap after GC invocations=3 (full 0):
 PSYoungGen      total 71680K, used 5090K [0x00000000eab00000, 0x00000000f3700000, 0x0000000100000000)
  eden space 66560K, 0% used [0x00000000eab00000,0x00000000eab00000,0x00000000eec00000)
  from space 5120K, 99% used [0x00000000eec00000,0x00000000ef0f88d8,0x00000000ef100000)
  to   space 5120K, 0% used [0x00000000f3200000,0x00000000f3200000,0x00000000f3700000)
 ParOldGen       total 87552K, used 11929K [0x00000000c0000000, 0x00000000c5580000, 0x00000000eab00000)
  object space 87552K, 13% used [0x00000000c0000000,0x00000000c0ba6438,0x00000000c5580000)
 Metaspace       used 6263K, capacity 7090K, committed 7296K, reserved 1056768K
  class space    used 604K, capacity 618K, committed 640K, reserved 1048576K
}
Event: 8.519 GC heap before
{Heap before GC invocations=4 (full 0):
 PSYoungGen      total 71680K, used 71650K [0x00000000eab00000, 0x00000000f3700000, 0x0000000100000000)
  eden space 66560K, 100% used [0x00000000eab00000,0x00000000eec00000,0x00000000eec00000)
  from space 5120K, 99% used [0x00000000eec00000,0x00000000ef0f88d8,0x00000000ef100000)
  to   space 5120K, 0% used [0x00000000f3200000,0x00000000f3200000,0x00000000f3700000)
 ParOldGen       total 87552K, used 11929K [0x00000000c0000000, 0x00000000c5580000, 0x00000000eab00000)
  object space 87552K, 13% used [0x00000000c0000000,0x00000000c0ba6438,0x00000000c5580000)
 Metaspace       used 6358K, capacity 7154K, committed 7296K, reserved 1056768K
  class space    used 604K, capacity 618K, committed 640K, reserved 1048576K
Event: 8.687 GC heap after
Heap after GC invocations=4 (full 0):
 PSYoungGen      total 138240K, used 5112K [0x00000000eab00000, 0x00000000f3700000, 0x0000000100000000)
  eden space 133120K, 0% used [0x00000000eab00000,0x00000000eab00000,0x00000000f2d00000)
  from space 5120K, 99% used [0x00000000f3200000,0x00000000f36fe2a8,0x00000000f3700000)
  to   space 5120K, 0% used [0x00000000f2d00000,0x00000000f2d00000,0x00000000f3200000)
 ParOldGen       total 87552K, used 22185K [0x00000000c0000000, 0x00000000c5580000, 0x00000000eab00000)
  object space 87552K, 25% used [0x00000000c0000000,0x00000000c15aa510,0x00000000c5580000)
 Metaspace       used 6358K, capacity 7154K, committed 7296K, reserved 1056768K
  class space    used 604K, capacity 618K, committed 640K, reserved 1048576K
}
Event: 10.677 GC heap before
{Heap before GC invocations=5 (full 0):
 PSYoungGen      total 138240K, used 138232K [0x00000000eab00000, 0x00000000f3700000, 0x0000000100000000)
  eden space 133120K, 100% used [0x00000000eab00000,0x00000000f2d00000,0x00000000f2d00000)
  from space 5120K, 99% used [0x00000000f3200000,0x00000000f36fe2a8,0x00000000f3700000)
  to   space 5120K, 0% used [0x00000000f2d00000,0x00000000f2d00000,0x00000000f3200000)
 ParOldGen       total 87552K, used 22185K [0x00000000c0000000, 0x00000000c5580000, 0x00000000eab00000)
  object space 87552K, 25% used [0x00000000c0000000,0x00000000c15aa510,0x00000000c5580000)
 Metaspace       used 6555K, capacity 7256K, committed 7424K, reserved 1056768K
  class space    used 624K, capacity 656K, committed 768K, reserved 1048576K
Event: 11.213 GC heap after
Heap after GC invocations=5 (full 0):
 PSYoungGen      total 138240K, used 5119K [0x00000000eab00000, 0x00000000fe700000, 0x0000000100000000)
  eden space 133120K, 0% used [0x00000000eab00000,0x00000000eab00000,0x00000000f2d00000)
  from space 5120K, 99% used [0x00000000f2d00000,0x00000000f31ffe48,0x00000000f3200000)
  to   space 28672K, 0% used [0x00000000fcb00000,0x00000000fcb00000,0x00000000fe700000)
 ParOldGen       total 87552K, used 44250K [0x00000000c0000000, 0x00000000c5580000, 0x00000000eab00000)
  object space 87552K, 50% used [0x00000000c0000000,0x00000000c2b36870,0x00000000c5580000)
 Metaspace       used 6555K, capacity 7256K, committed 7424K, reserved 1056768K
  class space    used 624K, capacity 656K, committed 768K, reserved 1048576K
}
Event: 14.926 GC heap before
{Heap before GC invocations=6 (full 0):
 PSYoungGen      total 138240K, used 138239K [0x00000000eab00000, 0x00000000fe700000, 0x0000000100000000)
  eden space 133120K, 100% used [0x00000000eab00000,0x00000000f2d00000,0x00000000f2d00000)
  from space 5120K, 99% used [0x00000000f2d00000,0x00000000f31ffe48,0x00000000f3200000)
  to   space 28672K, 0% used [0x00000000fcb00000,0x00000000fcb00000,0x00000000fe700000)
 ParOldGen       total 87552K, used 44250K [0x00000000c0000000, 0x00000000c5580000, 0x00000000eab00000)
  object space 87552K, 50% used [0x00000000c0000000,0x00000000c2b36870,0x00000000c5580000)
 Metaspace       used 6564K, capacity 7256K, committed 7424K, reserved 1056768K
  class space    used 624K, capacity 656K, committed 768K, reserved 1048576K
Event: 15.405 GC heap after
Heap after GC invocations=6 (full 0):
 PSYoungGen      total 290816K, used 25290K [0x00000000eab00000, 0x00000000fef00000, 0x0000000100000000)
  eden space 262144K, 0% used [0x00000000eab00000,0x00000000eab00000,0x00000000fab00000)
  from space 28672K, 88% used [0x00000000fcb00000,0x00000000fe3b2ab8,0x00000000fe700000)
  to   space 32768K, 0% used [0x00000000fab00000,0x00000000fab00000,0x00000000fcb00000)
 ParOldGen       total 87552K, used 44250K [0x00000000c0000000, 0x00000000c5580000, 0x00000000eab00000)
  object space 87552K, 50% used [0x00000000c0000000,0x00000000c2b36870,0x00000000c5580000)
 Metaspace       used 6564K, capacity 7256K, committed 7424K, reserved 1056768K
  class space    used 624K, capacity 656K, committed 768K, reserved 1048576K
}

Deoptimization events (10 events):
Event: 17.985 Thread 0x00000000171ab000 Uncommon trap: reason=unstable_if action=reinterpret pc=0x0000000003cd43f0 method=com.android.dx.rop.code.RegisterSpec.matchesVariable(Lcom/android/dx/rop/code/RegisterSpec;)Z @ 59
Event: 18.353 Thread 0x00000000171ab000 Uncommon trap: reason=unstable_if action=reinterpret pc=0x000000000379d618 method=com.android.dx.rop.code.RegisterSpecSet.equals(Ljava/lang/Object;)Z @ 30
Event: 18.428 Thread 0x00000000171ab000 Uncommon trap: reason=bimorphic action=maybe_recompile pc=0x0000000003d3a8dc method=com.android.dx.dex.code.DalvInsn.getLowRegVersion()Lcom/android/dx/dex/code/DalvInsn; @ 16
Event: 18.429 Thread 0x00000000171ab000 Uncommon trap: reason=bimorphic action=maybe_recompile pc=0x0000000003d3a8dc method=com.android.dx.dex.code.DalvInsn.getLowRegVersion()Lcom/android/dx/dex/code/DalvInsn; @ 16
Event: 18.429 Thread 0x00000000171ab000 Uncommon trap: reason=unstable_if action=reinterpret pc=0x0000000003d354a8 method=com.android.dx.dex.code.OutputFinisher.align64bits([Lcom/android/dx/dex/code/Dop;)V @ 205
Event: 18.429 Thread 0x00000000171ab000 Uncommon trap: reason=bimorphic action=maybe_recompile pc=0x0000000003d3a8dc method=com.android.dx.dex.code.DalvInsn.getLowRegVersion()Lcom/android/dx/dex/code/DalvInsn; @ 16
Event: 18.454 Thread 0x00000000171ab000 Uncommon trap: reason=unstable_if action=reinterpret pc=0x0000000003ce3de0 method=com.android.dx.dex.code.LocalList$MakeState.snapshot(ILcom/android/dx/rop/code/RegisterSpecSet;)V @ 86
Event: 18.506 Thread 0x00000000171ab000 Uncommon trap: reason=bimorphic action=maybe_recompile pc=0x0000000003d3a8dc method=com.android.dx.dex.code.DalvInsn.getLowRegVersion()Lcom/android/dx/dex/code/DalvInsn; @ 16
Event: 18.580 Thread 0x00000000171ab000 Uncommon trap: reason=unstable_if action=reinterpret pc=0x0000000003d1f374 method=com.android.dx.dex.code.OutputFinisher.align64bits([Lcom/android/dx/dex/code/Dop;)V @ 205
Event: 18.805 Thread 0x00000000171ab000 Uncommon trap: reason=unstable_if action=reinterpret pc=0x00000000037c4fe4 method=java.util.ArrayList.<init>(I)V @ 5

Internal exceptions (7 events):
Event: 0.031 Thread 0x0000000002f20800 Exception <a 'java/lang/NoSuchMethodError': Method sun.misc.Unsafe.defineClass(Ljava/lang/String;[BII)Ljava/lang/Class; name or signature does not match> (0x00000000eab07cc0) thrown at [D:\re\workspace\8-2-build-windows-amd64-cygwin\jdk8u92\6642\hotspot\srE8ùx †?
Event: 0.031 Thread 0x0000000002f20800 Exception <a 'java/lang/NoSuchMethodError': Method sun.misc.Unsafe.prefetchRead(Ljava/lang/Object;J)V name or signature does not match> (0x00000000eab07fa8) thrown at [D:\re\workspace\8-2-build-windows-amd64-cygwin\jdk8u92\6642\hotspot\src\share\vm\prims\jiZY©Z·@
Event: 7.470 Thread 0x00000000171a8000 Implicit null exception at 0x00000000037f2a3b to 0x00000000037f4041
Event: 9.036 Thread 0x0000000002f20800 Implicit null exception at 0x0000000003658992 to 0x0000000003659f91
Event: 9.339 Thread 0x00000000171af800 Exception <a 'java/lang/ArrayIndexOutOfBoundsException': 18> (0x00000000efc8c760) thrown at [D:\re\workspace\8-2-build-windows-amd64-cygwin\jdk8u92\6642\hotspot\src\share\vm\interpreter\interpreterRuntime.cpp, line 366]
Event: 9.339 Thread 0x00000000171af800 Exception <a 'java/lang/ArrayIndexOutOfBoundsException'> (0x00000000efc8e2e0) thrown at [D:\re\workspace\8-2-build-windows-amd64-cygwin\jdk8u92\6642\hotspot\src\share\vm\runtime\sharedRuntime.cpp, line 605]
Event: 9.340 Thread 0x00000000171af800 Exception <a 'java/lang/ArrayIndexOutOfBoundsException'> (0x00000000efc8f5c8) thrown at [D:\re\workspace\8-2-build-windows-amd64-cygwin\jdk8u92\6642\hotspot\src\share\vm\runtime\sharedRuntime.cpp, line 605]

Events (10 events):
Event: 18.779 Thread 0x00000000171ab000 DEOPT UNPACKING pc=0x000000000306787f sp=0x00000000193fe508 mode 0
Event: 18.803 loading class com/android/dx/dex/file/DebugInfoEncoder
Event: 18.803 loading class com/android/dx/dex/file/DebugInfoEncoder done
Event: 18.804 loading class com/android/dx/dex/file/DebugInfoEncoder$1
Event: 18.804 loading class com/android/dx/dex/file/DebugInfoEncoder$1 done
Event: 18.805 Thread 0x00000000171ab000 Uncommon trap: trap_request=0xffffff65 fr.pc=0x00000000037c4fe4
Event: 18.805 Thread 0x00000000171ab000 DEOPT PACKING pc=0x00000000037c4fe4 sp=0x00000000193fe750
Event: 18.805 Thread 0x00000000171ab000 DEOPT UNPACKING pc=0x000000000306582a sp=0x00000000193fe6f8 mode 2
Event: 18.805 loading class com/android/dx/dex/file/DebugInfoEncoder$2
Event: 18.805 loading class com/android/dx/dex/file/DebugInfoEncoder$2 done


Dynamic libraries:
0x00007ff798fa0000 - 0x00007ff798fd7000 	C:\Program Files\Java\jdk1.8.0_92\bin\java.exe
0x00007ffac2220000 - 0x00007ffac23e1000 	C:\WINDOWS\SYSTEM32\ntdll.dll
0x00007ffabfb80000 - 0x00007ffabfc2d000 	C:\WINDOWS\system32\KERNEL32.DLL
0x00007ffabec10000 - 0x00007ffabedf8000 	C:\WINDOWS\system32\KERNELBASE.dll
0x00007ffabfc30000 - 0x00007ffabfcd7000 	C:\WINDOWS\system32\ADVAPI32.dll
0x00007ffac1e90000 - 0x00007ffac1f2d000 	C:\WINDOWS\system32\msvcrt.dll
0x00007ffac0110000 - 0x00007ffac016b000 	C:\WINDOWS\system32\sechost.dll
0x00007ffac1bb0000 - 0x00007ffac1ccc000 	C:\WINDOWS\system32\RPCRT4.dll
0x00007ffac2000000 - 0x00007ffac2156000 	C:\WINDOWS\system32\USER32.dll
0x00007ffabf8b0000 - 0x00007ffabfa36000 	C:\WINDOWS\system32\GDI32.dll
0x00007ffab69b0000 - 0x00007ffab6c24000 	C:\WINDOWS\WinSxS\amd64_microsoft.windows.common-controls_6595b64144ccf1df_6.0.10586.494_none_a2d8b04ea53e3145\COMCTL32.dll
0x00007ffabf630000 - 0x00007ffabf8ad000 	C:\WINDOWS\system32\combase.dll
0x00007ffabee90000 - 0x00007ffabeefa000 	C:\WINDOWS\system32\bcryptPrimitives.dll
0x00007ffac0170000 - 0x00007ffac01ab000 	C:\WINDOWS\system32\IMM32.DLL
0x0000000071130000 - 0x0000000071202000 	C:\Program Files\Java\jdk1.8.0_92\jre\bin\msvcr100.dll
0x0000000071240000 - 0x0000000071ad6000 	C:\Program Files\Java\jdk1.8.0_92\jre\bin\server\jvm.dll
0x00007ffabf620000 - 0x00007ffabf628000 	C:\WINDOWS\system32\PSAPI.DLL
0x00007ffaa8440000 - 0x00007ffaa8449000 	C:\WINDOWS\SYSTEM32\WSOCK32.dll
0x00007ffabcbf0000 - 0x00007ffabcc13000 	C:\WINDOWS\SYSTEM32\WINMM.dll
0x00007ffac01b0000 - 0x00007ffac021b000 	C:\WINDOWS\system32\WS2_32.dll
0x00007ffab3c10000 - 0x00007ffab3c1a000 	C:\WINDOWS\SYSTEM32\VERSION.dll
0x00007ffabcbc0000 - 0x00007ffabcbec000 	C:\WINDOWS\SYSTEM32\WINMMBASE.dll
0x00007ffabe930000 - 0x00007ffabe973000 	C:\WINDOWS\system32\cfgmgr32.dll
0x0000000073170000 - 0x000000007317f000 	C:\Program Files\Java\jdk1.8.0_92\jre\bin\verify.dll
0x0000000072d00000 - 0x0000000072d29000 	C:\Program Files\Java\jdk1.8.0_92\jre\bin\java.dll
0x0000000072ce0000 - 0x0000000072cf6000 	C:\Program Files\Java\jdk1.8.0_92\jre\bin\zip.dll
0x00007ffac0450000 - 0x00007ffac19ac000 	C:\WINDOWS\system32\SHELL32.dll
0x00007ffabefb0000 - 0x00007ffabf5f5000 	C:\WINDOWS\system32\windows.storage.dll
0x00007ffac21c0000 - 0x00007ffac2212000 	C:\WINDOWS\system32\shlwapi.dll
0x00007ffabe8a0000 - 0x00007ffabe8af000 	C:\WINDOWS\system32\kernel.appcore.dll
0x00007ffabeb50000 - 0x00007ffabec05000 	C:\WINDOWS\system32\shcore.dll
0x00007ffabe840000 - 0x00007ffabe88b000 	C:\WINDOWS\system32\powrprof.dll
0x00007ffabe8b0000 - 0x00007ffabe8c4000 	C:\WINDOWS\system32\profapi.dll

VM Arguments:
jvm_args: -Djava.awt.headless=true -Xmx1024M -Dfile.encoding=windows-1252 -Duser.country=US -Duser.language=en -Duser.variant 
java_command: com.android.dx.command.Main --dex --force-jumbo --num-threads=4 --multi-dex --output C:\Users\WMS_12\Desktop\version\whiteboard12 - 727 - problem with alljoyn\app\build\intermediates\transforms\dex\debug\folders\1000\10\com.android.support-support-v4-24.1.0_014f9a40a2615e8371b5c7d2ca568cada4056959 C:\Users\WMS_12\Desktop\version\whiteboard12 - 727 - problem with alljoyn\app\build\intermediates\exploded-aar\com.android.support\support-v4\24.1.0\jars\classes.jar
java_class_path (initial): C:\Users\WMS_12\AppData\Local\Android\sdk\build-tools\24.0.1\lib\dx.jar
Launcher Type: SUN_STANDARD

Environment Variables:
CLASSPATH=.;%JAVA_HOME%\lib\dt.jar;%JAVA_HOME%\lib\tools.jar
PATH=C:\Program Files\Java\jdk1.8.0_92\bin;C:\Program Files (x86)\MySQL\MySQL Fabric 1.5 & MySQL Utilities 1.5\;C:\Program Files (x86)\MySQL\MySQL Fabric 1.5 & MySQL Utilities 1.5\Doctrine extensions for PHP\;C:\Program Files\Git\cmd
USERNAME=WMS_12
OS=Windows_NT
PROCESSOR_IDENTIFIER=Intel64 Family 6 Model 60 Stepping 3, GenuineIntel



---------------  S Y S T E M  ---------------

OS: Windows 10.0 , 64 bit Build 10586 (10.0.10586.0)

CPU:total 4 (2 cores per cpu, 2 threads per core) family 6 model 60 stepping 3, cmov, cx8, fxsr, mmx, sse, sse2, sse3, ssse3, sse4.1, sse4.2, popcnt, avx, avx2, aes, clmul, erms, lzcnt, ht, tsc, tscinvbit, bmi1, bmi2

Memory: 4k page, physical 8312532k(1026972k free), swap 12506836k(3132k free)

vm_info: Java HotSpot(TM) 64-Bit Server VM (25.92-b14) for windows-amd64 JRE (1.8.0_92-b14), built on Mar 31 2016 21:03:04 by "java_re" with MS VC++ 10.0 (VS2010)

time: Fri Aug 05 10:54:32 2016
elapsed time: 19 seconds (0d 0h 0m 19s)

