#
# There is insufficient memory for the Java Runtime Environment to continue.
# Native memory allocation (malloc) failed to allocate 32744 bytes for ChunkPool::allocate
# Possible reasons:
#   The system is out of physical RAM or swap space
#   In 32 bit mode, the process size limit was hit
# Possible solutions:
#   Reduce memory load on the system
#   Increase physical memory or swap space
#   Check if swap backing store is full
#   Use 64 bit Java on a 64 bit OS
#   Decrease Java heap size (-Xmx/-Xms)
#   Decrease number of Java threads
#   Decrease Java thread stack sizes (-Xss)
#   Set larger code cache with -XX:ReservedCodeCacheSize=
# This output file may be truncated or incomplete.
#
#  Out of Memory Error (allocation.cpp:273), pid=6584, tid=0x000000000000340c
#
# JRE version: Java(TM) SE Runtime Environment (8.0_92-b14) (build 1.8.0_92-b14)
# Java VM: Java HotSpot(TM) 64-Bit Server VM (25.92-b14 mixed mode windows-amd64 compressed oops)
# Failed to write core dump. Minidumps are not enabled by default on client versions of Windows
#

---------------  T H R E A D  ---------------

Current thread (0x0000000016338800):  JavaThread "C1 CompilerThread2" daemon [_thread_in_native, id=13324, stack(0x0000000016730000,0x0000000016830000)]

Stack: [0x0000000016730000,0x0000000016830000]
[error occurred during error reporting (printing stack bounds), id 0xc0000005]

Native frames: (J=compiled Java code, j=interpreted, Vv=VM code, C=native code)


Current CompileTask:
C1:    997   54   !   3       sun.misc.URLClassPath$JarLoader::getResource (85 bytes)


---------------  P R O C E S S  ---------------

Java Threads: ( => current thread )
  0x000000001633c000 JavaThread "Service Thread" daemon [_thread_blocked, id=5148, stack(0x0000000016830000,0x0000000016930000)]
=>0x0000000016338800 JavaThread "C1 CompilerThread2" daemon [_thread_in_native, id=13324, stack(0x0000000016730000,0x0000000016830000)]
  0x0000000014adf000 JavaThread "C2 CompilerThread1" daemon [_thread_blocked, id=4544, stack(0x0000000016230000,0x0000000016330000)]
  0x0000000014adc000 JavaThread "C2 CompilerThread0" daemon [_thread_blocked, id=13480, stack(0x0000000016130000,0x0000000016230000)]
  0x0000000014ada000 JavaThread "Attach Listener" daemon [_thread_blocked, id=13040, stack(0x0000000016030000,0x0000000016130000)]
  0x0000000014ad9000 JavaThread "Signal Dispatcher" daemon [_thread_blocked, id=8328, stack(0x0000000015f30000,0x0000000016030000)]
  0x0000000014aca000 JavaThread "Finalizer" daemon [_thread_blocked, id=9472, stack(0x0000000015d50000,0x0000000015e50000)]
  0x00000000023ff000 JavaThread "Reference Handler" daemon [_thread_blocked, id=5828, stack(0x0000000015c50000,0x0000000015d50000)]
  0x0000000002311000 JavaThread "main" [_thread_in_vm, id=10548, stack(0x0000000002170000,0x0000000002270000)]

Other Threads:
  0x0000000014aa7800 VMThread [stack: 0x0000000015b50000,0x0000000015c50000] [id=1396]
  0x0000000016351000 WatcherThread [stack: 0x0000000016930000,0x0000000016a30000] [id=840]

VM state:not at safepoint (normal execution)

VM Mutex/Monitor currently owned by a thread: None

Heap:
 PSYoungGen      total 38400K, used 2011K [0x00000000eab00000, 0x00000000ed580000, 0x0000000100000000)
  eden space 33280K, 6% used [0x00000000eab00000,0x00000000eacf6f58,0x00000000ecb80000)
  from space 5120K, 0% used [0x00000000ed080000,0x00000000ed080000,0x00000000ed580000)
  to   space 5120K, 0% used [0x00000000ecb80000,0x00000000ecb80000,0x00000000ed080000)
 ParOldGen       total 87552K, used 0K [0x00000000c0000000, 0x00000000c5580000, 0x00000000eab00000)
  object space 87552K, 0% used [0x00000000c0000000,0x00000000c0000000,0x00000000c5580000)
 Metaspace       used 3126K, capacity 4656K, committed 4864K, reserved 1056768K
  class space    used 345K, capacity 424K, committed 512K, reserved 1048576K

Card table byte_map: [0x00000000117d0000,0x00000000119e0000] byte_map_base: 0x00000000111d0000

Marking Bits: (ParMarkBitMap*) 0x0000000071a564f0
 Begin Bits: [0x0000000011f40000, 0x0000000012f40000)
 End Bits:   [0x0000000012f40000, 0x0000000013f40000)

Polling page: 0x00000000009b0000

CodeCache: size=245760Kb used=1142Kb max_used=1142Kb free=244617Kb
 bounds [0x0000000002410000, 0x0000000002680000, 0x0000000011410000]
 total_blobs=292 nmethods=53 adapters=152
 compilation: enabled

Compilation events (10 events):
Event: 0.976 Thread 0x0000000016338800 nmethod 49 0x000000000252b390 code [0x000000000252b560, 0x000000000252bdc8]
Event: 0.976 Thread 0x0000000016338800   50       3       java.lang.AbstractStringBuilder::expandCapacity (50 bytes)
Event: 0.977 Thread 0x0000000016338800 nmethod 50 0x000000000252c250 code [0x000000000252c3e0, 0x000000000252c938]
Event: 0.978 Thread 0x0000000016338800   51       1       java.net.URL::getAuthority (5 bytes)
Event: 0.978 Thread 0x0000000016338800 nmethod 51 0x000000000252cb10 code [0x000000000252cc60, 0x000000000252cd70]
Event: 0.978 Thread 0x0000000016338800   52       1       java.net.URL::getPath (5 bytes)
Event: 0.978 Thread 0x0000000016338800 nmethod 52 0x000000000252cdd0 code [0x000000000252cf20, 0x000000000252d030]
Event: 0.978 Thread 0x0000000016338800   53       3       sun.misc.MetaIndex::mayContain (51 bytes)
Event: 0.979 Thread 0x0000000016338800 nmethod 53 0x000000000252d090 code [0x000000000252d240, 0x000000000252d8b8]
Event: 0.980 Thread 0x0000000016338800   54   !   3       sun.misc.URLClassPath$JarLoader::getResource (85 bytes)

GC Heap History (0 events):
No events

Deoptimization events (0 events):
No events

Internal exceptions (2 events):
Event: 0.449 Thread 0x0000000002311000 Exception <a 'java/lang/NoSuchMethodError': Method sun.misc.Unsafe.defineClass(Ljava/lang/String;[BII)Ljava/lang/Class; name or signature does not match> (0x00000000eab07cc0) thrown at [D:\re\workspace\8-2-build-windows-amd64-cygwin\jdk8u92\6642\hotspot\sr_ýY¾Ü?
Event: 0.449 Thread 0x0000000002311000 Exception <a 'java/lang/NoSuchMethodError': Method sun.misc.Unsafe.prefetchRead(Ljava/lang/Object;J)V name or signature does not match> (0x00000000eab07fa8) thrown at [D:\re\workspace\8-2-build-windows-amd64-cygwin\jdk8u92\6642\hotspot\src\share\vm\prims\j

Events (10 events):
Event: 0.974 loading class java/util/concurrent/Executors$DefaultThreadFactory
Event: 0.974 loading class java/util/concurrent/ThreadFactory
Event: 0.974 loading class java/util/concurrent/ThreadFactory done
Event: 0.974 loading class java/util/concurrent/Executors$DefaultThreadFactory done
Event: 0.975 loading class com/android/dx/dex/file/DexFile
Event: 0.975 loading class com/android/dx/dex/file/DexFile done
Event: 0.976 loading class com/android/dx/dex/file/Section
Event: 0.976 loading class com/android/dx/dex/file/Section done
Event: 0.978 loading class com/android/dx/dex/file/MixedItemSection
Event: 0.978 loading class com/android/dx/dex/file/MixedItemSection done


Dynamic libraries:
0x00007ff798fa0000 - 0x00007ff798fd7000 	C:\Program Files\Java\jdk1.8.0_92\bin\java.exe
0x00007ffac2220000 - 0x00007ffac23e1000 	C:\WINDOWS\SYSTEM32\ntdll.dll
0x00007ffabfb80000 - 0x00007ffabfc2d000 	C:\WINDOWS\system32\KERNEL32.DLL
0x00007ffabec10000 - 0x00007ffabedf8000 	C:\WINDOWS\system32\KERNELBASE.dll
0x00007ffabfc30000 - 0x00007ffabfcd7000 	C:\WINDOWS\system32\ADVAPI32.dll
0x00007ffac1e90000 - 0x00007ffac1f2d000 	C:\WINDOWS\system32\msvcrt.dll
0x00007ffac0110000 - 0x00007ffac016b000 	C:\WINDOWS\system32\sechost.dll
0x00007ffac1bb0000 - 0x00007ffac1ccc000 	C:\WINDOWS\system32\RPCRT4.dll
0x00007ffac2000000 - 0x00007ffac2156000 	C:\WINDOWS\system32\USER32.dll
0x00007ffabf8b0000 - 0x00007ffabfa36000 	C:\WINDOWS\system32\GDI32.dll
0x00007ffab69b0000 - 0x00007ffab6c24000 	C:\WINDOWS\WinSxS\amd64_microsoft.windows.common-controls_6595b64144ccf1df_6.0.10586.494_none_a2d8b04ea53e3145\COMCTL32.dll
0x00007ffabf630000 - 0x00007ffabf8ad000 	C:\WINDOWS\system32\combase.dll
0x00007ffabee90000 - 0x00007ffabeefa000 	C:\WINDOWS\system32\bcryptPrimitives.dll
0x00007ffac0170000 - 0x00007ffac01ab000 	C:\WINDOWS\system32\IMM32.DLL
0x0000000071c30000 - 0x0000000071d02000 	C:\Program Files\Java\jdk1.8.0_92\jre\bin\msvcr100.dll
0x0000000071240000 - 0x0000000071ad6000 	C:\Program Files\Java\jdk1.8.0_92\jre\bin\server\jvm.dll
0x00007ffabf620000 - 0x00007ffabf628000 	C:\WINDOWS\system32\PSAPI.DLL
0x00007ffaa8440000 - 0x00007ffaa8449000 	C:\WINDOWS\SYSTEM32\WSOCK32.dll
0x00007ffac01b0000 - 0x00007ffac021b000 	C:\WINDOWS\system32\WS2_32.dll
0x00007ffabcbf0000 - 0x00007ffabcc13000 	C:\WINDOWS\SYSTEM32\WINMM.dll
0x00007ffab3c10000 - 0x00007ffab3c1a000 	C:\WINDOWS\SYSTEM32\VERSION.dll
0x00007ffabcbc0000 - 0x00007ffabcbec000 	C:\WINDOWS\SYSTEM32\WINMMBASE.dll
0x00007ffabe930000 - 0x00007ffabe973000 	C:\WINDOWS\system32\cfgmgr32.dll
0x0000000073170000 - 0x000000007317f000 	C:\Program Files\Java\jdk1.8.0_92\jre\bin\verify.dll
0x0000000071d20000 - 0x0000000071d49000 	C:\Program Files\Java\jdk1.8.0_92\jre\bin\java.dll
0x0000000071bf0000 - 0x0000000071c06000 	C:\Program Files\Java\jdk1.8.0_92\jre\bin\zip.dll
0x00007ffac0450000 - 0x00007ffac19ac000 	C:\WINDOWS\system32\SHELL32.dll
0x00007ffabefb0000 - 0x00007ffabf5f5000 	C:\WINDOWS\system32\windows.storage.dll
0x00007ffac21c0000 - 0x00007ffac2212000 	C:\WINDOWS\system32\shlwapi.dll
0x00007ffabe8a0000 - 0x00007ffabe8af000 	C:\WINDOWS\system32\kernel.appcore.dll
0x00007ffabeb50000 - 0x00007ffabec05000 	C:\WINDOWS\system32\shcore.dll
0x00007ffabe840000 - 0x00007ffabe88b000 	C:\WINDOWS\system32\powrprof.dll
0x00007ffabe8b0000 - 0x00007ffabe8c4000 	C:\WINDOWS\system32\profapi.dll

VM Arguments:
jvm_args: -Djava.awt.headless=true -Xmx1024M -Dfile.encoding=windows-1252 -Duser.country=US -Duser.language=en -Duser.variant 
java_command: com.android.dx.command.Main --dex --force-jumbo --num-threads=4 --multi-dex --output C:\Users\WMS_12\Desktop\version\whiteboard12 - 727 - problem with alljoyn\app\build\intermediates\transforms\dex\debug\folders\1000\2\peergroupmanager_469e66ff8746f6a7ebc71aadc95ed770af3fe1ee C:\Users\WMS_12\Desktop\version\whiteboard12 - 727 - problem with alljoyn\app\libs\peergroupmanager.jar
java_class_path (initial): C:\Users\WMS_12\AppData\Local\Android\sdk\build-tools\24.0.1\lib\dx.jar
Launcher Type: SUN_STANDARD

Environment Variables:
CLASSPATH=.;%JAVA_HOME%\lib\dt.jar;%JAVA_HOME%\lib\tools.jar
PATH=C:\Program Files\Java\jdk1.8.0_92\bin
USERNAME=WMS_12
OS=Windows_NT
PROCESSOR_IDENTIFIER=Intel64 Family 6 Model 60 Stepping 3, GenuineIntel



---------------  S Y S T E M  ---------------

OS: Windows 10.0 , 64 bit Build 10586 (10.0.10586.0)

CPU:total 4 (2 cores per cpu, 2 threads per core) family 6 model 60 stepping 3, cmov, cx8, fxsr, mmx, sse, sse2, sse3, ssse3, sse4.1, sse4.2, popcnt, avx, avx2, aes, clmul, erms, lzcnt, ht, tsc, tscinvbit, bmi1, bmi2

Memory: 4k page, physical 8312532k(1328296k free), swap 12506836k(237412k free)

vm_info: Java HotSpot(TM) 64-Bit Server VM (25.92-b14) for windows-amd64 JRE (1.8.0_92-b14), built on Mar 31 2016 21:03:04 by "java_re" with MS VC++ 10.0 (VS2010)

time: Mon Aug 01 11:16:03 2016
elapsed time: 0 seconds (0d 0h 0m 0s)

